<?xml version="1.0" encoding="UTF-8"?>
<testsuite xmlns:xsi="http://www.w3.org/2001/XMLSchema-instance" xsi:noNamespaceSchemaLocation="https://maven.apache.org/surefire/maven-surefire-plugin/xsd/surefire-test-report-3.0.xsd" version="3.0" name="com.madhurtoppo.eurekaserver.EurekaserverApplicationTests" time="1.779" tests="1" errors="0" skipped="0" failures="0">
  <properties>
[...]
</properties>
  <testcase name="contextLoads" classname="com.madhurtoppo.eurekaserver.EurekaserverApplicationTests" time="0.43">
    <system-out><![CDATA[Standard Commons Logging discovery in action with spring-jcl: please remove commons-logging.jar from classpath in order to avoid potential conflicts
12:03:45.947 [main] INFO org.springframework.test.context.support.AnnotationConfigContextLoaderUtils -- Could not detect default configuration classes for test class [com.madhurtoppo.eurekaserver.EurekaserverApplicationTests]: EurekaserverApplicationTests does not declare any static, non-private, non-final, nested classes annotated with @Configuration.
12:03:45.982 [main] INFO org.springframework.boot.test.context.SpringBootTestContextBootstrapper -- Found @SpringBootConfiguration com.madhurtoppo.eurekaserver.EurekaserverApplication for test class com.madhurtoppo.eurekaserver.EurekaserverApplicationTests
12:03:46.042 [main] INFO org.springframework.boot.devtools.restart.RestartApplicationListener -- Restart disabled due to context in which it is running

  .   ____          _            __ _ _
 /\\ / ___'_ __ _ _(_)_ __  __ _ \ \ \ \
( ( )\___ | '_ | '_| | '_ \/ _` | \ \ \ \
 \\/  ___)| |_)| | | | | || (_| |  ) ) ) )
  '  |____| .__|_| |_|_| |_\__, | / / / /
 =========|_|==============|___/=/_/_/_/

 :: Spring Boot ::                (v3.3.4)

&amp#27;[32m12:03:46.182&amp#27;[0;39m &amp#27;[34mINFO &amp#27;[0;39m &amp#27;[31m[main]&amp#27;[0;39m &amp#27;[33mc.m.e.EurekaserverApplicationTests&amp#27;[0;39m - Starting EurekaserverApplicationTests using Java 21.0.5 with PID 64538 (started by mtoppo in /Users/mtoppo/workspace/event-driven-microservices/eurekaserver)
&amp#27;[32m12:03:46.183&amp#27;[0;39m &amp#27;[34mINFO &amp#27;[0;39m &amp#27;[31m[main]&amp#27;[0;39m &amp#27;[33mc.m.e.EurekaserverApplicationTests&amp#27;[0;39m - No active profile set, falling back to 1 default profile: "default"
&amp#27;[32m12:03:46.574&amp#27;[0;39m &amp#27;[34mINFO &amp#27;[0;39m &amp#27;[31m[main]&amp#27;[0;39m &amp#27;[33mo.s.c.c.s.GenericScope&amp#27;[0;39m - BeanFactory id=176da8b1-74f3-3e13-8fbc-3c5fd992bc28
&amp#27;[32m12:03:46.607&amp#27;[0;39m &amp#27;[34mWARN &amp#27;[0;39m &amp#27;[31m[main]&amp#27;[0;39m &amp#27;[33mo.s.c.s.PostProcessorRegistrationDelegate$BeanPostProcessorChecker&amp#27;[0;39m - Bean 'org.springframework.cloud.client.loadbalancer.LoadBalancerAutoConfiguration$DeferringLoadBalancerInterceptorConfig' of type [org.springframework.cloud.client.loadbalancer.LoadBalancerAutoConfiguration$DeferringLoadBalancerInterceptorConfig] is not eligible for getting processed by all BeanPostProcessors (for example: not eligible for auto-proxying). The currently created BeanPostProcessor [lbRestClientPostProcessor] is declared through a non-static factory method on that class; consider declaring it as static instead.
&amp#27;[32m12:03:46.609&amp#27;[0;39m &amp#27;[34mWARN &amp#27;[0;39m &amp#27;[31m[main]&amp#27;[0;39m &amp#27;[33mo.s.c.s.PostProcessorRegistrationDelegate$BeanPostProcessorChecker&amp#27;[0;39m - Bean 'deferringLoadBalancerInterceptor' of type [org.springframework.cloud.client.loadbalancer.DeferringLoadBalancerInterceptor] is not eligible for getting processed by all BeanPostProcessors (for example: not eligible for auto-proxying). Is this bean getting eagerly injected into a currently created BeanPostProcessor [lbRestClientPostProcessor]? Check the corresponding BeanPostProcessor declaration and its dependencies.
&amp#27;[32m12:03:47.027&amp#27;[0;39m &amp#27;[34mWARN &amp#27;[0;39m &amp#27;[31m[main]&amp#27;[0;39m &amp#27;[33mo.s.c.l.c.LoadBalancerCacheAutoConfiguration$LoadBalancerCaffeineWarnLogger&amp#27;[0;39m - Spring Cloud LoadBalancer is currently working with the default cache. While this cache implementation is useful for development and tests, it's recommended to use Caffeine cache in production.You can switch to using Caffeine cache, by adding it and org.springframework.cache.caffeine.CaffeineCacheManager to the classpath.
&amp#27;[32m12:03:47.094&amp#27;[0;39m &amp#27;[34mINFO &amp#27;[0;39m &amp#27;[31m[main]&amp#27;[0;39m &amp#27;[33mo.s.c.n.e.InstanceInfoFactory&amp#27;[0;39m - Setting initial instance status as: STARTING
&amp#27;[32m12:03:47.100&amp#27;[0;39m &amp#27;[34mINFO &amp#27;[0;39m &amp#27;[31m[main]&amp#27;[0;39m &amp#27;[33mc.n.d.DiscoveryClient&amp#27;[0;39m - Initializing Eureka in region us-east-1
&amp#27;[32m12:03:47.100&amp#27;[0;39m &amp#27;[34mINFO &amp#27;[0;39m &amp#27;[31m[main]&amp#27;[0;39m &amp#27;[33mc.n.d.DiscoveryClient&amp#27;[0;39m - Client configured to neither register nor query for data.
&amp#27;[32m12:03:47.101&amp#27;[0;39m &amp#27;[34mINFO &amp#27;[0;39m &amp#27;[31m[main]&amp#27;[0;39m &amp#27;[33mc.n.d.DiscoveryClient&amp#27;[0;39m - Discovery Client initialized at timestamp 1734779027100 with initial instances count: 0
&amp#27;[32m12:03:47.117&amp#27;[0;39m &amp#27;[34mINFO &amp#27;[0;39m &amp#27;[31m[main]&amp#27;[0;39m &amp#27;[33mc.n.e.DefaultEurekaServerContext&amp#27;[0;39m - Initializing ...
&amp#27;[32m12:03:47.118&amp#27;[0;39m &amp#27;[34mWARN &amp#27;[0;39m &amp#27;[31m[main]&amp#27;[0;39m &amp#27;[33mc.n.e.c.PeerEurekaNodes&amp#27;[0;39m - The replica size seems to be empty. Check the route 53 DNS Registry
&amp#27;[32m12:03:47.122&amp#27;[0;39m &amp#27;[34mINFO &amp#27;[0;39m &amp#27;[31m[main]&amp#27;[0;39m &amp#27;[33mc.n.e.r.AbstractInstanceRegistry&amp#27;[0;39m - Finished initializing remote region registries. All known remote regions: []
&amp#27;[32m12:03:47.122&amp#27;[0;39m &amp#27;[34mINFO &amp#27;[0;39m &amp#27;[31m[main]&amp#27;[0;39m &amp#27;[33mc.n.e.DefaultEurekaServerContext&amp#27;[0;39m - Initialized
&amp#27;[32m12:03:47.163&amp#27;[0;39m &amp#27;[34mINFO &amp#27;[0;39m &amp#27;[31m[main]&amp#27;[0;39m &amp#27;[33mo.s.b.a.e.w.EndpointLinksResolver&amp#27;[0;39m - Exposing 1 endpoint beneath base path '/actuator'
&amp#27;[32m12:03:47.186&amp#27;[0;39m &amp#27;[34mINFO &amp#27;[0;39m &amp#27;[31m[main]&amp#27;[0;39m &amp#27;[33mo.s.c.n.e.s.EurekaServiceRegistry&amp#27;[0;39m - Registering application EUREKASERVER with eureka with status UP
&amp#27;[32m12:03:47.190&amp#27;[0;39m &amp#27;[34mINFO &amp#27;[0;39m &amp#27;[31m[Thread-11]&amp#27;[0;39m &amp#27;[33mo.s.c.n.e.s.EurekaServerBootstrap&amp#27;[0;39m - isAws returned false
&amp#27;[32m12:03:47.190&amp#27;[0;39m &amp#27;[34mINFO &amp#27;[0;39m &amp#27;[31m[Thread-11]&amp#27;[0;39m &amp#27;[33mo.s.c.n.e.s.EurekaServerBootstrap&amp#27;[0;39m - Initialized server context
&amp#27;[32m12:03:47.190&amp#27;[0;39m &amp#27;[34mINFO &amp#27;[0;39m &amp#27;[31m[Thread-11]&amp#27;[0;39m &amp#27;[33mc.n.e.r.PeerAwareInstanceRegistryImpl&amp#27;[0;39m - Got 1 instances from neighboring DS node
&amp#27;[32m12:03:47.190&amp#27;[0;39m &amp#27;[34mINFO &amp#27;[0;39m &amp#27;[31m[Thread-11]&amp#27;[0;39m &amp#27;[33mc.n.e.r.PeerAwareInstanceRegistryImpl&amp#27;[0;39m - Renew threshold is: 1
&amp#27;[32m12:03:47.190&amp#27;[0;39m &amp#27;[34mINFO &amp#27;[0;39m &amp#27;[31m[Thread-11]&amp#27;[0;39m &amp#27;[33mc.n.e.r.PeerAwareInstanceRegistryImpl&amp#27;[0;39m - Changing status to UP
&amp#27;[32m12:03:47.191&amp#27;[0;39m &amp#27;[34mINFO &amp#27;[0;39m &amp#27;[31m[Thread-11]&amp#27;[0;39m &amp#27;[33mo.s.c.n.e.s.EurekaServerInitializerConfiguration&amp#27;[0;39m - Started Eureka Server
&amp#27;[32m12:03:47.195&amp#27;[0;39m &amp#27;[34mINFO &amp#27;[0;39m &amp#27;[31m[main]&amp#27;[0;39m &amp#27;[33mc.m.e.EurekaserverApplicationTests&amp#27;[0;39m - Started EurekaserverApplicationTests in 1.158 seconds (process running for 1.555)
]]></system-out>
    <system-err><![CDATA[WARNING: A Java agent has been loaded dynamically (/Users/mtoppo/.m2/repository/net/bytebuddy/byte-buddy-agent/1.14.19/byte-buddy-agent-1.14.19.jar)
WARNING: If a serviceability tool is in use, please run with -XX:+EnableDynamicAgentLoading to hide this warning
WARNING: If a serviceability tool is not in use, please run with -Djdk.instrument.traceUsage for more information
WARNING: Dynamic loading of agents will be disallowed by default in a future release
]]></system-err>
  </testcase>
</testsuite>