-------------------------------------------------------------------------------
Test set: com.madhurtoppo.customer.CustomerApplicationTests
-------------------------------------------------------------------------------
Tests run: 1, Failures: 0, Errors: 1, Skipped: 0, Time elapsed: 2.831 s <<< FAILURE! -- in com.madhurtoppo.customer.CustomerApplicationTests
com.madhurtoppo.customer.CustomerApplicationTests.contextLoads -- Time elapsed: 0.005 s <<< ERROR!
java.lang.IllegalStateException: Failed to load ApplicationContext for [WebMergedContextConfiguration@1849d35a testClass = com.madhurtoppo.customer.CustomerApplicationTests, locations = [], classes = [com.madhurtoppo.customer.CustomersApplication], contextInitializerClasses = [], activeProfiles = [], propertySourceDescriptors = [], propertySourceProperties = ["org.springframework.boot.test.context.SpringBootTestContextBootstrapper=true"], contextCustomizers = [org.springframework.boot.test.context.filter.ExcludeFilterContextCustomizer@7068e664, org.springframework.boot.test.json.DuplicateJsonObjectContextCustomizerFactory$DuplicateJsonObjectContextCustomizer@7975d1d8, org.springframework.boot.test.mock.mockito.MockitoContextCustomizer@0, org.springframework.boot.test.web.client.TestRestTemplateContextCustomizer@68746f22, org.springframework.boot.test.web.reactor.netty.DisableReactorResourceFactoryGlobalResourcesContextCustomizerFactory$DisableReactorResourceFactoryGlobalResourcesContextCustomizerCustomizer@376a0d86, org.springframework.boot.test.autoconfigure.actuate.observability.ObservabilityContextCustomizerFactory$DisableObservabilityContextCustomizer@1f, org.springframework.boot.test.autoconfigure.properties.PropertyMappingContextCustomizer@0, org.springframework.boot.test.autoconfigure.web.servlet.WebDriverContextCustomizer@478db956, org.springframework.boot.test.context.SpringBootTestAnnotation@a20a07ef], resourceBasePath = "src/main/webapp", contextLoader = org.springframework.boot.test.context.SpringBootContextLoader, parent = null]
	at org.springframework.test.context.cache.DefaultCacheAwareContextLoaderDelegate.loadContext(DefaultCacheAwareContextLoaderDelegate.java:180)
	at org.springframework.test.context.support.DefaultTestContext.getApplicationContext(DefaultTestContext.java:130)
	at org.springframework.test.context.web.ServletTestExecutionListener.setUpRequestContextIfNecessary(ServletTestExecutionListener.java:191)
	at org.springframework.test.context.web.ServletTestExecutionListener.prepareTestInstance(ServletTestExecutionListener.java:130)
	at org.springframework.test.context.TestContextManager.prepareTestInstance(TestContextManager.java:260)
	at org.springframework.test.context.junit.jupiter.SpringExtension.postProcessTestInstance(SpringExtension.java:163)
	at java.base/java.util.stream.ReferencePipeline$3$1.accept(ReferencePipeline.java:197)
	at java.base/java.util.stream.ReferencePipeline$2$1.accept(ReferencePipeline.java:179)
	at java.base/java.util.ArrayList$ArrayListSpliterator.forEachRemaining(ArrayList.java:1708)
	at java.base/java.util.stream.AbstractPipeline.copyInto(AbstractPipeline.java:509)
	at java.base/java.util.stream.AbstractPipeline.wrapAndCopyInto(AbstractPipeline.java:499)
	at java.base/java.util.stream.StreamSpliterators$WrappingSpliterator.forEachRemaining(StreamSpliterators.java:310)
	at java.base/java.util.stream.Streams$ConcatSpliterator.forEachRemaining(Streams.java:735)
	at java.base/java.util.stream.Streams$ConcatSpliterator.forEachRemaining(Streams.java:734)
	at java.base/java.util.stream.ReferencePipeline$Head.forEach(ReferencePipeline.java:762)
	at java.base/java.util.Optional.orElseGet(Optional.java:364)
	at java.base/java.util.ArrayList.forEach(ArrayList.java:1596)
	at java.base/java.util.ArrayList.forEach(ArrayList.java:1596)
Caused by: org.springframework.beans.factory.UnsatisfiedDependencyException: Error creating bean with name 'customersApplication': Unsatisfied dependency expressed through method 'registerCustomerCommandInterceptor' parameter 1: Error creating bean with name 'commandGateway' defined in class path resource [org/axonframework/springboot/autoconfig/AxonAutoConfiguration.class]: Unsatisfied dependency expressed through method 'commandGateway' parameter 0: Error creating bean with name 'axonServerCommandBus' defined in class path resource [org/axonframework/springboot/autoconfig/AxonServerBusAutoConfiguration.class]: Unsatisfied dependency expressed through method 'axonServerCommandBus' parameter 2: Error creating bean with name 'commandBus' defined in class path resource [org/axonframework/springboot/autoconfig/AxonAutoConfiguration.class]: Unsatisfied dependency expressed through method 'commandBus' parameter 1: Error creating bean with name 'springAxonConfiguration' defined in class path resource [org/axonframework/springboot/autoconfig/InfraConfiguration.class]: Unsatisfied dependency expressed through method 'springAxonConfiguration' parameter 0: Error creating bean with name 'springAxonConfigurer' defined in class path resource [org/axonframework/springboot/autoconfig/InfraConfiguration.class]: Unsatisfied dependency expressed through method 'springAxonConfigurer' parameter 1: Error creating bean with name 'deadLetterQueueProviderConfigurerModule' defined in class path resource [org/axonframework/springboot/autoconfig/JpaAutoConfiguration.class]: Unsatisfied dependency expressed through method 'deadLetterQueueProviderConfigurerModule' parameter 3: Error creating bean with name 'serializer' defined in class path resource [org/axonframework/springboot/autoconfig/AxonAutoConfiguration.class]: Failed to instantiate [org.axonframework.serialization.Serializer]: Factory method 'serializer' threw exception with message: Error creating bean with name 'xStream' defined in com.madhurtoppo.common.config.AxonConfig: Failed to instantiate [com.thoughtworks.xstream.XStream]: Factory method 'xStream' threw exception with message: null
	at org.springframework.beans.factory.annotation.AutowiredAnnotationBeanPostProcessor$AutowiredMethodElement.resolveMethodArguments(AutowiredAnnotationBeanPostProcessor.java:896)
	at org.springframework.beans.factory.annotation.AutowiredAnnotationBeanPostProcessor$AutowiredMethodElement.inject(AutowiredAnnotationBeanPostProcessor.java:849)
	at org.springframework.beans.factory.annotation.InjectionMetadata.inject(InjectionMetadata.java:145)
	at org.springframework.beans.factory.annotation.AutowiredAnnotationBeanPostProcessor.postProcessProperties(AutowiredAnnotationBeanPostProcessor.java:509)
	at org.springframework.beans.factory.support.AbstractAutowireCapableBeanFactory.populateBean(AbstractAutowireCapableBeanFactory.java:1439)
	at org.springframework.beans.factory.support.AbstractAutowireCapableBeanFactory.doCreateBean(AbstractAutowireCapableBeanFactory.java:599)
	at org.springframework.beans.factory.support.AbstractAutowireCapableBeanFactory.createBean(AbstractAutowireCapableBeanFactory.java:522)
	at org.springframework.beans.factory.support.AbstractBeanFactory.lambda$doGetBean$0(AbstractBeanFactory.java:337)
	at org.springframework.beans.factory.support.DefaultSingletonBeanRegistry.getSingleton(DefaultSingletonBeanRegistry.java:234)
	at org.springframework.beans.factory.support.AbstractBeanFactory.doGetBean(AbstractBeanFactory.java:335)
	at org.springframework.beans.factory.support.AbstractBeanFactory.getBean(AbstractBeanFactory.java:200)
	at org.springframework.beans.factory.support.DefaultListableBeanFactory.preInstantiateSingletons(DefaultListableBeanFactory.java:975)
	at org.springframework.context.support.AbstractApplicationContext.finishBeanFactoryInitialization(AbstractApplicationContext.java:971)
	at org.springframework.context.support.AbstractApplicationContext.refresh(AbstractApplicationContext.java:625)
	at org.springframework.boot.SpringApplication.refresh(SpringApplication.java:754)
	at org.springframework.boot.SpringApplication.refreshContext(SpringApplication.java:456)
	at org.springframework.boot.SpringApplication.run(SpringApplication.java:335)
	at org.springframework.boot.test.context.SpringBootContextLoader.lambda$loadContext$3(SpringBootContextLoader.java:137)
	at org.springframework.util.function.ThrowingSupplier.get(ThrowingSupplier.java:58)
	at org.springframework.util.function.ThrowingSupplier.get(ThrowingSupplier.java:46)
	at org.springframework.boot.SpringApplication.withHook(SpringApplication.java:1463)
	at org.springframework.boot.test.context.SpringBootContextLoader$ContextLoaderHook.run(SpringBootContextLoader.java:553)
	at org.springframework.boot.test.context.SpringBootContextLoader.loadContext(SpringBootContextLoader.java:137)
	at org.springframework.boot.test.context.SpringBootContextLoader.loadContext(SpringBootContextLoader.java:108)
	at org.springframework.test.context.cache.DefaultCacheAwareContextLoaderDelegate.loadContextInternal(DefaultCacheAwareContextLoaderDelegate.java:225)
	at org.springframework.test.context.cache.DefaultCacheAwareContextLoaderDelegate.loadContext(DefaultCacheAwareContextLoaderDelegate.java:152)
	... 17 more
Caused by: org.springframework.beans.factory.UnsatisfiedDependencyException: Error creating bean with name 'commandGateway' defined in class path resource [org/axonframework/springboot/autoconfig/AxonAutoConfiguration.class]: Unsatisfied dependency expressed through method 'commandGateway' parameter 0: Error creating bean with name 'axonServerCommandBus' defined in class path resource [org/axonframework/springboot/autoconfig/AxonServerBusAutoConfiguration.class]: Unsatisfied dependency expressed through method 'axonServerCommandBus' parameter 2: Error creating bean with name 'commandBus' defined in class path resource [org/axonframework/springboot/autoconfig/AxonAutoConfiguration.class]: Unsatisfied dependency expressed through method 'commandBus' parameter 1: Error creating bean with name 'springAxonConfiguration' defined in class path resource [org/axonframework/springboot/autoconfig/InfraConfiguration.class]: Unsatisfied dependency expressed through method 'springAxonConfiguration' parameter 0: Error creating bean with name 'springAxonConfigurer' defined in class path resource [org/axonframework/springboot/autoconfig/InfraConfiguration.class]: Unsatisfied dependency expressed through method 'springAxonConfigurer' parameter 1: Error creating bean with name 'deadLetterQueueProviderConfigurerModule' defined in class path resource [org/axonframework/springboot/autoconfig/JpaAutoConfiguration.class]: Unsatisfied dependency expressed through method 'deadLetterQueueProviderConfigurerModule' parameter 3: Error creating bean with name 'serializer' defined in class path resource [org/axonframework/springboot/autoconfig/AxonAutoConfiguration.class]: Failed to instantiate [org.axonframework.serialization.Serializer]: Factory method 'serializer' threw exception with message: Error creating bean with name 'xStream' defined in com.madhurtoppo.common.config.AxonConfig: Failed to instantiate [com.thoughtworks.xstream.XStream]: Factory method 'xStream' threw exception with message: null
	at org.springframework.beans.factory.support.ConstructorResolver.createArgumentArray(ConstructorResolver.java:795)
	at org.springframework.beans.factory.support.ConstructorResolver.instantiateUsingFactoryMethod(ConstructorResolver.java:542)
	at org.springframework.beans.factory.support.AbstractAutowireCapableBeanFactory.instantiateUsingFactoryMethod(AbstractAutowireCapableBeanFactory.java:1355)
	at org.springframework.beans.factory.support.AbstractAutowireCapableBeanFactory.createBeanInstance(AbstractAutowireCapableBeanFactory.java:1185)
	at org.springframework.beans.factory.support.AbstractAutowireCapableBeanFactory.doCreateBean(AbstractAutowireCapableBeanFactory.java:562)
	at org.springframework.beans.factory.support.AbstractAutowireCapableBeanFactory.createBean(AbstractAutowireCapableBeanFactory.java:522)
	at org.springframework.beans.factory.support.AbstractBeanFactory.lambda$doGetBean$0(AbstractBeanFactory.java:337)
	at org.springframework.beans.factory.support.DefaultSingletonBeanRegistry.getSingleton(DefaultSingletonBeanRegistry.java:234)
	at org.springframework.beans.factory.support.AbstractBeanFactory.doGetBean(AbstractBeanFactory.java:335)
	at org.springframework.beans.factory.support.AbstractBeanFactory.getBean(AbstractBeanFactory.java:200)
	at org.springframework.beans.factory.config.DependencyDescriptor.resolveCandidate(DependencyDescriptor.java:254)
	at org.springframework.beans.factory.support.DefaultListableBeanFactory.doResolveDependency(DefaultListableBeanFactory.java:1443)
	at org.springframework.beans.factory.support.DefaultListableBeanFactory.resolveDependency(DefaultListableBeanFactory.java:1353)
	at org.springframework.beans.factory.annotation.AutowiredAnnotationBeanPostProcessor$AutowiredMethodElement.resolveMethodArguments(AutowiredAnnotationBeanPostProcessor.java:888)
	... 42 more
Caused by: org.springframework.beans.factory.UnsatisfiedDependencyException: Error creating bean with name 'axonServerCommandBus' defined in class path resource [org/axonframework/springboot/autoconfig/AxonServerBusAutoConfiguration.class]: Unsatisfied dependency expressed through method 'axonServerCommandBus' parameter 2: Error creating bean with name 'commandBus' defined in class path resource [org/axonframework/springboot/autoconfig/AxonAutoConfiguration.class]: Unsatisfied dependency expressed through method 'commandBus' parameter 1: Error creating bean with name 'springAxonConfiguration' defined in class path resource [org/axonframework/springboot/autoconfig/InfraConfiguration.class]: Unsatisfied dependency expressed through method 'springAxonConfiguration' parameter 0: Error creating bean with name 'springAxonConfigurer' defined in class path resource [org/axonframework/springboot/autoconfig/InfraConfiguration.class]: Unsatisfied dependency expressed through method 'springAxonConfigurer' parameter 1: Error creating bean with name 'deadLetterQueueProviderConfigurerModule' defined in class path resource [org/axonframework/springboot/autoconfig/JpaAutoConfiguration.class]: Unsatisfied dependency expressed through method 'deadLetterQueueProviderConfigurerModule' parameter 3: Error creating bean with name 'serializer' defined in class path resource [org/axonframework/springboot/autoconfig/AxonAutoConfiguration.class]: Failed to instantiate [org.axonframework.serialization.Serializer]: Factory method 'serializer' threw exception with message: Error creating bean with name 'xStream' defined in com.madhurtoppo.common.config.AxonConfig: Failed to instantiate [com.thoughtworks.xstream.XStream]: Factory method 'xStream' threw exception with message: null
	at org.springframework.beans.factory.support.ConstructorResolver.createArgumentArray(ConstructorResolver.java:795)
	at org.springframework.beans.factory.support.ConstructorResolver.instantiateUsingFactoryMethod(ConstructorResolver.java:542)
	at org.springframework.beans.factory.support.AbstractAutowireCapableBeanFactory.instantiateUsingFactoryMethod(AbstractAutowireCapableBeanFactory.java:1355)
	at org.springframework.beans.factory.support.AbstractAutowireCapableBeanFactory.createBeanInstance(AbstractAutowireCapableBeanFactory.java:1185)
	at org.springframework.beans.factory.support.AbstractAutowireCapableBeanFactory.doCreateBean(AbstractAutowireCapableBeanFactory.java:562)
	at org.springframework.beans.factory.support.AbstractAutowireCapableBeanFactory.createBean(AbstractAutowireCapableBeanFactory.java:522)
	at org.springframework.beans.factory.support.AbstractBeanFactory.lambda$doGetBean$0(AbstractBeanFactory.java:337)
	at org.springframework.beans.factory.support.DefaultSingletonBeanRegistry.getSingleton(DefaultSingletonBeanRegistry.java:234)
	at org.springframework.beans.factory.support.AbstractBeanFactory.doGetBean(AbstractBeanFactory.java:335)
	at org.springframework.beans.factory.support.AbstractBeanFactory.getBean(AbstractBeanFactory.java:200)
	at org.springframework.beans.factory.config.DependencyDescriptor.resolveCandidate(DependencyDescriptor.java:254)
	at org.springframework.beans.factory.support.DefaultListableBeanFactory.doResolveDependency(DefaultListableBeanFactory.java:1443)
	at org.springframework.beans.factory.support.DefaultListableBeanFactory.resolveDependency(DefaultListableBeanFactory.java:1353)
	at org.springframework.beans.factory.support.ConstructorResolver.resolveAutowiredArgument(ConstructorResolver.java:904)
	at org.springframework.beans.factory.support.ConstructorResolver.createArgumentArray(ConstructorResolver.java:782)
	... 55 more
Caused by: org.springframework.beans.factory.UnsatisfiedDependencyException: Error creating bean with name 'commandBus' defined in class path resource [org/axonframework/springboot/autoconfig/AxonAutoConfiguration.class]: Unsatisfied dependency expressed through method 'commandBus' parameter 1: Error creating bean with name 'springAxonConfiguration' defined in class path resource [org/axonframework/springboot/autoconfig/InfraConfiguration.class]: Unsatisfied dependency expressed through method 'springAxonConfiguration' parameter 0: Error creating bean with name 'springAxonConfigurer' defined in class path resource [org/axonframework/springboot/autoconfig/InfraConfiguration.class]: Unsatisfied dependency expressed through method 'springAxonConfigurer' parameter 1: Error creating bean with name 'deadLetterQueueProviderConfigurerModule' defined in class path resource [org/axonframework/springboot/autoconfig/JpaAutoConfiguration.class]: Unsatisfied dependency expressed through method 'deadLetterQueueProviderConfigurerModule' parameter 3: Error creating bean with name 'serializer' defined in class path resource [org/axonframework/springboot/autoconfig/AxonAutoConfiguration.class]: Failed to instantiate [org.axonframework.serialization.Serializer]: Factory method 'serializer' threw exception with message: Error creating bean with name 'xStream' defined in com.madhurtoppo.common.config.AxonConfig: Failed to instantiate [com.thoughtworks.xstream.XStream]: Factory method 'xStream' threw exception with message: null
	at org.springframework.beans.factory.support.ConstructorResolver.createArgumentArray(ConstructorResolver.java:795)
	at org.springframework.beans.factory.support.ConstructorResolver.instantiateUsingFactoryMethod(ConstructorResolver.java:542)
	at org.springframework.beans.factory.support.AbstractAutowireCapableBeanFactory.instantiateUsingFactoryMethod(AbstractAutowireCapableBeanFactory.java:1355)
	at org.springframework.beans.factory.support.AbstractAutowireCapableBeanFactory.createBeanInstance(AbstractAutowireCapableBeanFactory.java:1185)
	at org.springframework.beans.factory.support.AbstractAutowireCapableBeanFactory.doCreateBean(AbstractAutowireCapableBeanFactory.java:562)
	at org.springframework.beans.factory.support.AbstractAutowireCapableBeanFactory.createBean(AbstractAutowireCapableBeanFactory.java:522)
	at org.springframework.beans.factory.support.AbstractBeanFactory.lambda$doGetBean$0(AbstractBeanFactory.java:337)
	at org.springframework.beans.factory.support.DefaultSingletonBeanRegistry.getSingleton(DefaultSingletonBeanRegistry.java:234)
	at org.springframework.beans.factory.support.AbstractBeanFactory.doGetBean(AbstractBeanFactory.java:335)
	at org.springframework.beans.factory.support.AbstractBeanFactory.getBean(AbstractBeanFactory.java:200)
	at org.springframework.beans.factory.config.DependencyDescriptor.resolveCandidate(DependencyDescriptor.java:254)
	at org.springframework.beans.factory.support.DefaultListableBeanFactory.doResolveDependency(DefaultListableBeanFactory.java:1443)
	at org.springframework.beans.factory.support.DefaultListableBeanFactory.resolveDependency(DefaultListableBeanFactory.java:1353)
	at org.springframework.beans.factory.support.ConstructorResolver.resolveAutowiredArgument(ConstructorResolver.java:904)
	at org.springframework.beans.factory.support.ConstructorResolver.createArgumentArray(ConstructorResolver.java:782)
	... 69 more
Caused by: org.springframework.beans.factory.UnsatisfiedDependencyException: Error creating bean with name 'springAxonConfiguration' defined in class path resource [org/axonframework/springboot/autoconfig/InfraConfiguration.class]: Unsatisfied dependency expressed through method 'springAxonConfiguration' parameter 0: Error creating bean with name 'springAxonConfigurer' defined in class path resource [org/axonframework/springboot/autoconfig/InfraConfiguration.class]: Unsatisfied dependency expressed through method 'springAxonConfigurer' parameter 1: Error creating bean with name 'deadLetterQueueProviderConfigurerModule' defined in class path resource [org/axonframework/springboot/autoconfig/JpaAutoConfiguration.class]: Unsatisfied dependency expressed through method 'deadLetterQueueProviderConfigurerModule' parameter 3: Error creating bean with name 'serializer' defined in class path resource [org/axonframework/springboot/autoconfig/AxonAutoConfiguration.class]: Failed to instantiate [org.axonframework.serialization.Serializer]: Factory method 'serializer' threw exception with message: Error creating bean with name 'xStream' defined in com.madhurtoppo.common.config.AxonConfig: Failed to instantiate [com.thoughtworks.xstream.XStream]: Factory method 'xStream' threw exception with message: null
	at org.springframework.beans.factory.support.ConstructorResolver.createArgumentArray(ConstructorResolver.java:795)
	at org.springframework.beans.factory.support.ConstructorResolver.instantiateUsingFactoryMethod(ConstructorResolver.java:542)
	at org.springframework.beans.factory.support.AbstractAutowireCapableBeanFactory.instantiateUsingFactoryMethod(AbstractAutowireCapableBeanFactory.java:1355)
	at org.springframework.beans.factory.support.AbstractAutowireCapableBeanFactory.createBeanInstance(AbstractAutowireCapableBeanFactory.java:1185)
	at org.springframework.beans.factory.support.AbstractAutowireCapableBeanFactory.doCreateBean(AbstractAutowireCapableBeanFactory.java:562)
	at org.springframework.beans.factory.support.AbstractAutowireCapableBeanFactory.createBean(AbstractAutowireCapableBeanFactory.java:522)
	at org.springframework.beans.factory.support.AbstractBeanFactory.lambda$doGetBean$0(AbstractBeanFactory.java:337)
	at org.springframework.beans.factory.support.DefaultSingletonBeanRegistry.getSingleton(DefaultSingletonBeanRegistry.java:234)
	at org.springframework.beans.factory.support.AbstractBeanFactory.doGetBean(AbstractBeanFactory.java:335)
	at org.springframework.beans.factory.support.AbstractBeanFactory.getBean(AbstractBeanFactory.java:200)
	at org.springframework.beans.factory.config.DependencyDescriptor.resolveCandidate(DependencyDescriptor.java:254)
	at org.springframework.beans.factory.support.DefaultListableBeanFactory.doResolveDependency(DefaultListableBeanFactory.java:1443)
	at org.springframework.beans.factory.support.DefaultListableBeanFactory.resolveDependency(DefaultListableBeanFactory.java:1353)
	at org.springframework.beans.factory.support.ConstructorResolver.resolveAutowiredArgument(ConstructorResolver.java:904)
	at org.springframework.beans.factory.support.ConstructorResolver.createArgumentArray(ConstructorResolver.java:782)
	... 83 more
Caused by: org.springframework.beans.factory.UnsatisfiedDependencyException: Error creating bean with name 'springAxonConfigurer' defined in class path resource [org/axonframework/springboot/autoconfig/InfraConfiguration.class]: Unsatisfied dependency expressed through method 'springAxonConfigurer' parameter 1: Error creating bean with name 'deadLetterQueueProviderConfigurerModule' defined in class path resource [org/axonframework/springboot/autoconfig/JpaAutoConfiguration.class]: Unsatisfied dependency expressed through method 'deadLetterQueueProviderConfigurerModule' parameter 3: Error creating bean with name 'serializer' defined in class path resource [org/axonframework/springboot/autoconfig/AxonAutoConfiguration.class]: Failed to instantiate [org.axonframework.serialization.Serializer]: Factory method 'serializer' threw exception with message: Error creating bean with name 'xStream' defined in com.madhurtoppo.common.config.AxonConfig: Failed to instantiate [com.thoughtworks.xstream.XStream]: Factory method 'xStream' threw exception with message: null
	at org.springframework.beans.factory.support.ConstructorResolver.createArgumentArray(ConstructorResolver.java:795)
	at org.springframework.beans.factory.support.ConstructorResolver.instantiateUsingFactoryMethod(ConstructorResolver.java:542)
	at org.springframework.beans.factory.support.AbstractAutowireCapableBeanFactory.instantiateUsingFactoryMethod(AbstractAutowireCapableBeanFactory.java:1355)
	at org.springframework.beans.factory.support.AbstractAutowireCapableBeanFactory.createBeanInstance(AbstractAutowireCapableBeanFactory.java:1185)
	at org.springframework.beans.factory.support.AbstractAutowireCapableBeanFactory.doCreateBean(AbstractAutowireCapableBeanFactory.java:562)
	at org.springframework.beans.factory.support.AbstractAutowireCapableBeanFactory.createBean(AbstractAutowireCapableBeanFactory.java:522)
	at org.springframework.beans.factory.support.AbstractBeanFactory.lambda$doGetBean$0(AbstractBeanFactory.java:337)
	at org.springframework.beans.factory.support.DefaultSingletonBeanRegistry.getSingleton(DefaultSingletonBeanRegistry.java:234)
	at org.springframework.beans.factory.support.AbstractBeanFactory.doGetBean(AbstractBeanFactory.java:335)
	at org.springframework.beans.factory.support.AbstractBeanFactory.getBean(AbstractBeanFactory.java:200)
	at org.springframework.beans.factory.config.DependencyDescriptor.resolveCandidate(DependencyDescriptor.java:254)
	at org.springframework.beans.factory.support.DefaultListableBeanFactory.doResolveDependency(DefaultListableBeanFactory.java:1443)
	at org.springframework.beans.factory.support.DefaultListableBeanFactory.resolveDependency(DefaultListableBeanFactory.java:1353)
	at org.springframework.beans.factory.support.ConstructorResolver.resolveAutowiredArgument(ConstructorResolver.java:904)
	at org.springframework.beans.factory.support.ConstructorResolver.createArgumentArray(ConstructorResolver.java:782)
	... 97 more
Caused by: org.springframework.beans.factory.UnsatisfiedDependencyException: Error creating bean with name 'deadLetterQueueProviderConfigurerModule' defined in class path resource [org/axonframework/springboot/autoconfig/JpaAutoConfiguration.class]: Unsatisfied dependency expressed through method 'deadLetterQueueProviderConfigurerModule' parameter 3: Error creating bean with name 'serializer' defined in class path resource [org/axonframework/springboot/autoconfig/AxonAutoConfiguration.class]: Failed to instantiate [org.axonframework.serialization.Serializer]: Factory method 'serializer' threw exception with message: Error creating bean with name 'xStream' defined in com.madhurtoppo.common.config.AxonConfig: Failed to instantiate [com.thoughtworks.xstream.XStream]: Factory method 'xStream' threw exception with message: null
	at org.springframework.beans.factory.support.ConstructorResolver.createArgumentArray(ConstructorResolver.java:795)
	at org.springframework.beans.factory.support.ConstructorResolver.instantiateUsingFactoryMethod(ConstructorResolver.java:542)
	at org.springframework.beans.factory.support.AbstractAutowireCapableBeanFactory.instantiateUsingFactoryMethod(AbstractAutowireCapableBeanFactory.java:1355)
	at org.springframework.beans.factory.support.AbstractAutowireCapableBeanFactory.createBeanInstance(AbstractAutowireCapableBeanFactory.java:1185)
	at org.springframework.beans.factory.support.AbstractAutowireCapableBeanFactory.doCreateBean(AbstractAutowireCapableBeanFactory.java:562)
	at org.springframework.beans.factory.support.AbstractAutowireCapableBeanFactory.createBean(AbstractAutowireCapableBeanFactory.java:522)
	at org.springframework.beans.factory.support.AbstractBeanFactory.lambda$doGetBean$0(AbstractBeanFactory.java:337)
	at org.springframework.beans.factory.support.DefaultSingletonBeanRegistry.getSingleton(DefaultSingletonBeanRegistry.java:234)
	at org.springframework.beans.factory.support.AbstractBeanFactory.doGetBean(AbstractBeanFactory.java:335)
	at org.springframework.beans.factory.support.AbstractBeanFactory.getBean(AbstractBeanFactory.java:200)
	at org.springframework.beans.factory.config.DependencyDescriptor.resolveCandidate(DependencyDescriptor.java:254)
	at org.springframework.beans.factory.support.DefaultListableBeanFactory.addCandidateEntry(DefaultListableBeanFactory.java:1689)
	at org.springframework.beans.factory.support.DefaultListableBeanFactory.findAutowireCandidates(DefaultListableBeanFactory.java:1653)
	at org.springframework.beans.factory.support.DefaultListableBeanFactory.resolveMultipleBeanCollection(DefaultListableBeanFactory.java:1543)
	at org.springframework.beans.factory.support.DefaultListableBeanFactory.resolveMultipleBeans(DefaultListableBeanFactory.java:1511)
	at org.springframework.beans.factory.support.DefaultListableBeanFactory.doResolveDependency(DefaultListableBeanFactory.java:1392)
	at org.springframework.beans.factory.support.DefaultListableBeanFactory.resolveDependency(DefaultListableBeanFactory.java:1353)
	at org.springframework.beans.factory.support.ConstructorResolver.resolveAutowiredArgument(ConstructorResolver.java:904)
	at org.springframework.beans.factory.support.ConstructorResolver.createArgumentArray(ConstructorResolver.java:782)
	... 111 more
Caused by: org.springframework.beans.factory.BeanCreationException: Error creating bean with name 'serializer' defined in class path resource [org/axonframework/springboot/autoconfig/AxonAutoConfiguration.class]: Failed to instantiate [org.axonframework.serialization.Serializer]: Factory method 'serializer' threw exception with message: Error creating bean with name 'xStream' defined in com.madhurtoppo.common.config.AxonConfig: Failed to instantiate [com.thoughtworks.xstream.XStream]: Factory method 'xStream' threw exception with message: null
	at org.springframework.beans.factory.support.ConstructorResolver.instantiate(ConstructorResolver.java:648)
	at org.springframework.beans.factory.support.ConstructorResolver.instantiateUsingFactoryMethod(ConstructorResolver.java:636)
	at org.springframework.beans.factory.support.AbstractAutowireCapableBeanFactory.instantiateUsingFactoryMethod(AbstractAutowireCapableBeanFactory.java:1355)
	at org.springframework.beans.factory.support.AbstractAutowireCapableBeanFactory.createBeanInstance(AbstractAutowireCapableBeanFactory.java:1185)
	at org.springframework.beans.factory.support.AbstractAutowireCapableBeanFactory.doCreateBean(AbstractAutowireCapableBeanFactory.java:562)
	at org.springframework.beans.factory.support.AbstractAutowireCapableBeanFactory.createBean(AbstractAutowireCapableBeanFactory.java:522)
	at org.springframework.beans.factory.support.AbstractBeanFactory.lambda$doGetBean$0(AbstractBeanFactory.java:337)
	at org.springframework.beans.factory.support.DefaultSingletonBeanRegistry.getSingleton(DefaultSingletonBeanRegistry.java:234)
	at org.springframework.beans.factory.support.AbstractBeanFactory.doGetBean(AbstractBeanFactory.java:335)
	at org.springframework.beans.factory.support.AbstractBeanFactory.getBean(AbstractBeanFactory.java:200)
	at org.springframework.beans.factory.config.DependencyDescriptor.resolveCandidate(DependencyDescriptor.java:254)
	at org.springframework.beans.factory.support.DefaultListableBeanFactory.doResolveDependency(DefaultListableBeanFactory.java:1443)
	at org.springframework.beans.factory.support.DefaultListableBeanFactory.resolveDependency(DefaultListableBeanFactory.java:1353)
	at org.springframework.beans.factory.support.ConstructorResolver.resolveAutowiredArgument(ConstructorResolver.java:904)
	at org.springframework.beans.factory.support.ConstructorResolver.createArgumentArray(ConstructorResolver.java:782)
	... 129 more
Caused by: org.springframework.beans.BeanInstantiationException: Failed to instantiate [org.axonframework.serialization.Serializer]: Factory method 'serializer' threw exception with message: Error creating bean with name 'xStream' defined in com.madhurtoppo.common.config.AxonConfig: Failed to instantiate [com.thoughtworks.xstream.XStream]: Factory method 'xStream' threw exception with message: null
	at org.springframework.beans.factory.support.SimpleInstantiationStrategy.instantiate(SimpleInstantiationStrategy.java:178)
	at org.springframework.beans.factory.support.ConstructorResolver.instantiate(ConstructorResolver.java:644)
	... 143 more
Caused by: org.springframework.beans.factory.BeanCreationException: Error creating bean with name 'xStream' defined in com.madhurtoppo.common.config.AxonConfig: Failed to instantiate [com.thoughtworks.xstream.XStream]: Factory method 'xStream' threw exception with message: null
	at org.springframework.beans.factory.support.ConstructorResolver.instantiate(ConstructorResolver.java:648)
	at org.springframework.beans.factory.support.ConstructorResolver.instantiateUsingFactoryMethod(ConstructorResolver.java:485)
	at org.springframework.beans.factory.support.AbstractAutowireCapableBeanFactory.instantiateUsingFactoryMethod(AbstractAutowireCapableBeanFactory.java:1355)
	at org.springframework.beans.factory.support.AbstractAutowireCapableBeanFactory.createBeanInstance(AbstractAutowireCapableBeanFactory.java:1185)
	at org.springframework.beans.factory.support.AbstractAutowireCapableBeanFactory.doCreateBean(AbstractAutowireCapableBeanFactory.java:562)
	at org.springframework.beans.factory.support.AbstractAutowireCapableBeanFactory.createBean(AbstractAutowireCapableBeanFactory.java:522)
	at org.springframework.beans.factory.support.AbstractBeanFactory.lambda$doGetBean$0(AbstractBeanFactory.java:337)
	at org.springframework.beans.factory.support.DefaultSingletonBeanRegistry.getSingleton(DefaultSingletonBeanRegistry.java:234)
	at org.springframework.beans.factory.support.AbstractBeanFactory.doGetBean(AbstractBeanFactory.java:335)
	at org.springframework.beans.factory.support.AbstractBeanFactory.getBean(AbstractBeanFactory.java:200)
	at org.springframework.beans.factory.support.DefaultListableBeanFactory.getBeansOfType(DefaultListableBeanFactory.java:665)
	at org.springframework.beans.factory.support.DefaultListableBeanFactory.getBeansOfType(DefaultListableBeanFactory.java:653)
	at org.springframework.context.support.AbstractApplicationContext.getBeansOfType(AbstractApplicationContext.java:1389)
	at org.springframework.beans.factory.BeanFactoryUtils.beansOfTypeIncludingAncestors(BeanFactoryUtils.java:321)
	at org.axonframework.springboot.autoconfig.AxonAutoConfiguration.buildSerializer(AxonAutoConfiguration.java:224)
	at org.axonframework.springboot.autoconfig.AxonAutoConfiguration.serializer(AxonAutoConfiguration.java:150)
	at java.base/java.lang.reflect.Method.invoke(Method.java:580)
	at org.springframework.beans.factory.support.SimpleInstantiationStrategy.instantiate(SimpleInstantiationStrategy.java:146)
	... 144 more
Caused by: org.springframework.beans.BeanInstantiationException: Failed to instantiate [com.thoughtworks.xstream.XStream]: Factory method 'xStream' threw exception with message: null
	at org.springframework.beans.factory.support.SimpleInstantiationStrategy.instantiate(SimpleInstantiationStrategy.java:178)
	at org.springframework.beans.factory.support.ConstructorResolver.instantiate(ConstructorResolver.java:644)
	... 161 more
Caused by: java.lang.StackOverflowError
	at java.base/java.lang.Class.forName0(Native Method)
	at java.base/java.lang.Class.forName(Class.java:534)
	at java.base/java.lang.Class.forName(Class.java:513)
	at com.thoughtworks.xstream.XStream.buildMapperDynamically(XStream.java:595)
	at com.thoughtworks.xstream.XStream.buildMapper(XStream.java:571)
	at com.thoughtworks.xstream.XStream.<init>(XStream.java:542)
	at com.thoughtworks.xstream.XStream.<init>(XStream.java:476)
	at com.thoughtworks.xstream.XStream.<init>(XStream.java:450)
	at com.thoughtworks.xstream.XStream.<init>(XStream.java:403)
	at com.thoughtworks.xstream.XStream.<init>(XStream.java:351)
	at com.madhurtoppo.common.config.AxonConfig.xStream(AxonConfig.java:13)
	at com.madhurtoppo.common.config.AxonConfig$$SpringCGLIB$$0.CGLIB$xStream$0(<generated>)
	at com.madhurtoppo.common.config.AxonConfig$$SpringCGLIB$$FastClass$$1.invoke(<generated>)
	at org.springframework.cglib.proxy.MethodProxy.invokeSuper(MethodProxy.java:258)
	at org.springframework.context.annotation.ConfigurationClassEnhancer$BeanMethodInterceptor.intercept(ConfigurationClassEnhancer.java:348)
	at com.madhurtoppo.common.config.AxonConfig$$SpringCGLIB$$0.xStream(<generated>)
	at com.madhurtoppo.common.config.AxonConfig.xStream(AxonConfig.java:14)
	at com.madhurtoppo.common.config.AxonConfig$$SpringCGLIB$$0.CGLIB$xStream$0(<generated>)
	at com.madhurtoppo.common.config.AxonConfig$$SpringCGLIB$$FastClass$$1.invoke(<generated>)
	at org.springframework.cglib.proxy.MethodProxy.invokeSuper(MethodProxy.java:258)
	at org.springframework.context.annotation.ConfigurationClassEnhancer$BeanMethodInterceptor.intercept(ConfigurationClassEnhancer.java:348)
	at com.madhurtoppo.common.config.AxonConfig$$SpringCGLIB$$0.xStream(<generated>)
	at com.madhurtoppo.common.config.AxonConfig.xStream(AxonConfig.java:14)
	at com.madhurtoppo.common.config.AxonConfig$$SpringCGLIB$$0.CGLIB$xStream$0(<generated>)
	at com.madhurtoppo.common.config.AxonConfig$$SpringCGLIB$$FastClass$$1.invoke(<generated>)
	at org.springframework.cglib.proxy.MethodProxy.invokeSuper(MethodProxy.java:258)
	at org.springframework.context.annotation.ConfigurationClassEnhancer$BeanMethodInterceptor.intercept(ConfigurationClassEnhancer.java:348)
	at com.madhurtoppo.common.config.AxonConfig$$SpringCGLIB$$0.xStream(<generated>)
	at com.madhurtoppo.common.config.AxonConfig.xStream(AxonConfig.java:14)
	at com.madhurtoppo.common.config.AxonConfig$$SpringCGLIB$$0.CGLIB$xStream$0(<generated>)
	at com.madhurtoppo.common.config.AxonConfig$$SpringCGLIB$$FastClass$$1.invoke(<generated>)
	at org.springframework.cglib.proxy.MethodProxy.invokeSuper(MethodProxy.java:258)
	at org.springframework.context.annotation.ConfigurationClassEnhancer$BeanMethodInterceptor.intercept(ConfigurationClassEnhancer.java:348)
	at com.madhurtoppo.common.config.AxonConfig$$SpringCGLIB$$0.xStream(<generated>)
	at com.madhurtoppo.common.config.AxonConfig.xStream(AxonConfig.java:14)
	at com.madhurtoppo.common.config.AxonConfig$$SpringCGLIB$$0.CGLIB$xStream$0(<generated>)
	at com.madhurtoppo.common.config.AxonConfig$$SpringCGLIB$$FastClass$$1.invoke(<generated>)
	at org.springframework.cglib.proxy.MethodProxy.invokeSuper(MethodProxy.java:258)
	at org.springframework.context.annotation.ConfigurationClassEnhancer$BeanMethodInterceptor.intercept(ConfigurationClassEnhancer.java:348)
	at com.madhurtoppo.common.config.AxonConfig$$SpringCGLIB$$0.xStream(<generated>)
	at com.madhurtoppo.common.config.AxonConfig.xStream(AxonConfig.java:14)
	at com.madhurtoppo.common.config.AxonConfig$$SpringCGLIB$$0.CGLIB$xStream$0(<generated>)
	at com.madhurtoppo.common.config.AxonConfig$$SpringCGLIB$$FastClass$$1.invoke(<generated>)
	at org.springframework.cglib.proxy.MethodProxy.invokeSuper(MethodProxy.java:258)
	at org.springframework.context.annotation.ConfigurationClassEnhancer$BeanMethodInterceptor.intercept(ConfigurationClassEnhancer.java:348)
	at com.madhurtoppo.common.config.AxonConfig$$SpringCGLIB$$0.xStream(<generated>)
	at com.madhurtoppo.common.config.AxonConfig.xStream(AxonConfig.java:14)
	at com.madhurtoppo.common.config.AxonConfig$$SpringCGLIB$$0.CGLIB$xStream$0(<generated>)
	at com.madhurtoppo.common.config.AxonConfig$$SpringCGLIB$$FastClass$$1.invoke(<generated>)
	at org.springframework.cglib.proxy.MethodProxy.invokeSuper(MethodProxy.java:258)
	at org.springframework.context.annotation.ConfigurationClassEnhancer$BeanMethodInterceptor.intercept(ConfigurationClassEnhancer.java:348)
	at com.madhurtoppo.common.config.AxonConfig$$SpringCGLIB$$0.xStream(<generated>)
	at com.madhurtoppo.common.config.AxonConfig.xStream(AxonConfig.java:14)
	at com.madhurtoppo.common.config.AxonConfig$$SpringCGLIB$$0.CGLIB$xStream$0(<generated>)
	at com.madhurtoppo.common.config.AxonConfig$$SpringCGLIB$$FastClass$$1.invoke(<generated>)
	at org.springframework.cglib.proxy.MethodProxy.invokeSuper(MethodProxy.java:258)
	at org.springframework.context.annotation.ConfigurationClassEnhancer$BeanMethodInterceptor.intercept(ConfigurationClassEnhancer.java:348)
	at com.madhurtoppo.common.config.AxonConfig$$SpringCGLIB$$0.xStream(<generated>)
	at com.madhurtoppo.common.config.AxonConfig.xStream(AxonConfig.java:14)
	at com.madhurtoppo.common.config.AxonConfig$$SpringCGLIB$$0.CGLIB$xStream$0(<generated>)
	at com.madhurtoppo.common.config.AxonConfig$$SpringCGLIB$$FastClass$$1.invoke(<generated>)
	at org.springframework.cglib.proxy.MethodProxy.invokeSuper(MethodProxy.java:258)
	at org.springframework.context.annotation.ConfigurationClassEnhancer$BeanMethodInterceptor.intercept(ConfigurationClassEnhancer.java:348)
	at com.madhurtoppo.common.config.AxonConfig$$SpringCGLIB$$0.xStream(<generated>)
	at com.madhurtoppo.common.config.AxonConfig.xStream(AxonConfig.java:14)
	at com.madhurtoppo.common.config.AxonConfig$$SpringCGLIB$$0.CGLIB$xStream$0(<generated>)
	at com.madhurtoppo.common.config.AxonConfig$$SpringCGLIB$$FastClass$$1.invoke(<generated>)
	at org.springframework.cglib.proxy.MethodProxy.invokeSuper(MethodProxy.java:258)
	at org.springframework.context.annotation.ConfigurationClassEnhancer$BeanMethodInterceptor.intercept(ConfigurationClassEnhancer.java:348)
	at com.madhurtoppo.common.config.AxonConfig$$SpringCGLIB$$0.xStream(<generated>)
	at com.madhurtoppo.common.config.AxonConfig.xStream(AxonConfig.java:14)
	at com.madhurtoppo.common.config.AxonConfig$$SpringCGLIB$$0.CGLIB$xStream$0(<generated>)
	at com.madhurtoppo.common.config.AxonConfig$$SpringCGLIB$$FastClass$$1.invoke(<generated>)
	at org.springframework.cglib.proxy.MethodProxy.invokeSuper(MethodProxy.java:258)
	at org.springframework.context.annotation.ConfigurationClassEnhancer$BeanMethodInterceptor.intercept(ConfigurationClassEnhancer.java:348)
	at com.madhurtoppo.common.config.AxonConfig$$SpringCGLIB$$0.xStream(<generated>)
	at com.madhurtoppo.common.config.AxonConfig.xStream(AxonConfig.java:14)
	at com.madhurtoppo.common.config.AxonConfig$$SpringCGLIB$$0.CGLIB$xStream$0(<generated>)
	at com.madhurtoppo.common.config.AxonConfig$$SpringCGLIB$$FastClass$$1.invoke(<generated>)
	at org.springframework.cglib.proxy.MethodProxy.invokeSuper(MethodProxy.java:258)
	at org.springframework.context.annotation.ConfigurationClassEnhancer$BeanMethodInterceptor.intercept(ConfigurationClassEnhancer.java:348)
	at com.madhurtoppo.common.config.AxonConfig$$SpringCGLIB$$0.xStream(<generated>)
	at com.madhurtoppo.common.config.AxonConfig.xStream(AxonConfig.java:14)
	at com.madhurtoppo.common.config.AxonConfig$$SpringCGLIB$$0.CGLIB$xStream$0(<generated>)
	at com.madhurtoppo.common.config.AxonConfig$$SpringCGLIB$$FastClass$$1.invoke(<generated>)
	at org.springframework.cglib.proxy.MethodProxy.invokeSuper(MethodProxy.java:258)
	at org.springframework.context.annotation.ConfigurationClassEnhancer$BeanMethodInterceptor.intercept(ConfigurationClassEnhancer.java:348)
	at com.madhurtoppo.common.config.AxonConfig$$SpringCGLIB$$0.xStream(<generated>)
	at com.madhurtoppo.common.config.AxonConfig.xStream(AxonConfig.java:14)
	at com.madhurtoppo.common.config.AxonConfig$$SpringCGLIB$$0.CGLIB$xStream$0(<generated>)
	at com.madhurtoppo.common.config.AxonConfig$$SpringCGLIB$$FastClass$$1.invoke(<generated>)
	at org.springframework.cglib.proxy.MethodProxy.invokeSuper(MethodProxy.java:258)
	at org.springframework.context.annotation.ConfigurationClassEnhancer$BeanMethodInterceptor.intercept(ConfigurationClassEnhancer.java:348)
	at com.madhurtoppo.common.config.AxonConfig$$SpringCGLIB$$0.xStream(<generated>)
	at com.madhurtoppo.common.config.AxonConfig.xStream(AxonConfig.java:14)
	at com.madhurtoppo.common.config.AxonConfig$$SpringCGLIB$$0.CGLIB$xStream$0(<generated>)
	at com.madhurtoppo.common.config.AxonConfig$$SpringCGLIB$$FastClass$$1.invoke(<generated>)
	at org.springframework.cglib.proxy.MethodProxy.invokeSuper(MethodProxy.java:258)
	at org.springframework.context.annotation.ConfigurationClassEnhancer$BeanMethodInterceptor.intercept(ConfigurationClassEnhancer.java:348)
	at com.madhurtoppo.common.config.AxonConfig$$SpringCGLIB$$0.xStream(<generated>)
	at com.madhurtoppo.common.config.AxonConfig.xStream(AxonConfig.java:14)
	at com.madhurtoppo.common.config.AxonConfig$$SpringCGLIB$$0.CGLIB$xStream$0(<generated>)
	at com.madhurtoppo.common.config.AxonConfig$$SpringCGLIB$$FastClass$$1.invoke(<generated>)
	at org.springframework.cglib.proxy.MethodProxy.invokeSuper(MethodProxy.java:258)
	at org.springframework.context.annotation.ConfigurationClassEnhancer$BeanMethodInterceptor.intercept(ConfigurationClassEnhancer.java:348)
	at com.madhurtoppo.common.config.AxonConfig$$SpringCGLIB$$0.xStream(<generated>)
	at com.madhurtoppo.common.config.AxonConfig.xStream(AxonConfig.java:14)
	at com.madhurtoppo.common.config.AxonConfig$$SpringCGLIB$$0.CGLIB$xStream$0(<generated>)
	at com.madhurtoppo.common.config.AxonConfig$$SpringCGLIB$$FastClass$$1.invoke(<generated>)
	at org.springframework.cglib.proxy.MethodProxy.invokeSuper(MethodProxy.java:258)
	at org.springframework.context.annotation.ConfigurationClassEnhancer$BeanMethodInterceptor.intercept(ConfigurationClassEnhancer.java:348)
	at com.madhurtoppo.common.config.AxonConfig$$SpringCGLIB$$0.xStream(<generated>)
	at com.madhurtoppo.common.config.AxonConfig.xStream(AxonConfig.java:14)
	at com.madhurtoppo.common.config.AxonConfig$$SpringCGLIB$$0.CGLIB$xStream$0(<generated>)
	at com.madhurtoppo.common.config.AxonConfig$$SpringCGLIB$$FastClass$$1.invoke(<generated>)
	at org.springframework.cglib.proxy.MethodProxy.invokeSuper(MethodProxy.java:258)
	at org.springframework.context.annotation.ConfigurationClassEnhancer$BeanMethodInterceptor.intercept(ConfigurationClassEnhancer.java:348)
	at com.madhurtoppo.common.config.AxonConfig$$SpringCGLIB$$0.xStream(<generated>)
	at com.madhurtoppo.common.config.AxonConfig.xStream(AxonConfig.java:14)
	at com.madhurtoppo.common.config.AxonConfig$$SpringCGLIB$$0.CGLIB$xStream$0(<generated>)
	at com.madhurtoppo.common.config.AxonConfig$$SpringCGLIB$$FastClass$$1.invoke(<generated>)
	at org.springframework.cglib.proxy.MethodProxy.invokeSuper(MethodProxy.java:258)
	at org.springframework.context.annotation.ConfigurationClassEnhancer$BeanMethodInterceptor.intercept(ConfigurationClassEnhancer.java:348)
	at com.madhurtoppo.common.config.AxonConfig$$SpringCGLIB$$0.xStream(<generated>)
	at com.madhurtoppo.common.config.AxonConfig.xStream(AxonConfig.java:14)
	at com.madhurtoppo.common.config.AxonConfig$$SpringCGLIB$$0.CGLIB$xStream$0(<generated>)
	at com.madhurtoppo.common.config.AxonConfig$$SpringCGLIB$$FastClass$$1.invoke(<generated>)
	at org.springframework.cglib.proxy.MethodProxy.invokeSuper(MethodProxy.java:258)
	at org.springframework.context.annotation.ConfigurationClassEnhancer$BeanMethodInterceptor.intercept(ConfigurationClassEnhancer.java:348)
	at com.madhurtoppo.common.config.AxonConfig$$SpringCGLIB$$0.xStream(<generated>)
	at com.madhurtoppo.common.config.AxonConfig.xStream(AxonConfig.java:14)
	at com.madhurtoppo.common.config.AxonConfig$$SpringCGLIB$$0.CGLIB$xStream$0(<generated>)
	at com.madhurtoppo.common.config.AxonConfig$$SpringCGLIB$$FastClass$$1.invoke(<generated>)
	at org.springframework.cglib.proxy.MethodProxy.invokeSuper(MethodProxy.java:258)
	at org.springframework.context.annotation.ConfigurationClassEnhancer$BeanMethodInterceptor.intercept(ConfigurationClassEnhancer.java:348)
	at com.madhurtoppo.common.config.AxonConfig$$SpringCGLIB$$0.xStream(<generated>)
	at com.madhurtoppo.common.config.AxonConfig.xStream(AxonConfig.java:14)
	at com.madhurtoppo.common.config.AxonConfig$$SpringCGLIB$$0.CGLIB$xStream$0(<generated>)
	at com.madhurtoppo.common.config.AxonConfig$$SpringCGLIB$$FastClass$$1.invoke(<generated>)
	at org.springframework.cglib.proxy.MethodProxy.invokeSuper(MethodProxy.java:258)
	at org.springframework.context.annotation.ConfigurationClassEnhancer$BeanMethodInterceptor.intercept(ConfigurationClassEnhancer.java:348)
	at com.madhurtoppo.common.config.AxonConfig$$SpringCGLIB$$0.xStream(<generated>)
	at com.madhurtoppo.common.config.AxonConfig.xStream(AxonConfig.java:14)
	at com.madhurtoppo.common.config.AxonConfig$$SpringCGLIB$$0.CGLIB$xStream$0(<generated>)
	at com.madhurtoppo.common.config.AxonConfig$$SpringCGLIB$$FastClass$$1.invoke(<generated>)
	at org.springframework.cglib.proxy.MethodProxy.invokeSuper(MethodProxy.java:258)
	at org.springframework.context.annotation.ConfigurationClassEnhancer$BeanMethodInterceptor.intercept(ConfigurationClassEnhancer.java:348)
	at com.madhurtoppo.common.config.AxonConfig$$SpringCGLIB$$0.xStream(<generated>)
	at com.madhurtoppo.common.config.AxonConfig.xStream(AxonConfig.java:14)
	at com.madhurtoppo.common.config.AxonConfig$$SpringCGLIB$$0.CGLIB$xStream$0(<generated>)
	at com.madhurtoppo.common.config.AxonConfig$$SpringCGLIB$$FastClass$$1.invoke(<generated>)
	at org.springframework.cglib.proxy.MethodProxy.invokeSuper(MethodProxy.java:258)
	at org.springframework.context.annotation.ConfigurationClassEnhancer$BeanMethodInterceptor.intercept(ConfigurationClassEnhancer.java:348)
	at com.madhurtoppo.common.config.AxonConfig$$SpringCGLIB$$0.xStream(<generated>)
	at com.madhurtoppo.common.config.AxonConfig.xStream(AxonConfig.java:14)
	at com.madhurtoppo.common.config.AxonConfig$$SpringCGLIB$$0.CGLIB$xStream$0(<generated>)
	at com.madhurtoppo.common.config.AxonConfig$$SpringCGLIB$$FastClass$$1.invoke(<generated>)
	at org.springframework.cglib.proxy.MethodProxy.invokeSuper(MethodProxy.java:258)
	at org.springframework.context.annotation.ConfigurationClassEnhancer$BeanMethodInterceptor.intercept(ConfigurationClassEnhancer.java:348)
	at com.madhurtoppo.common.config.AxonConfig$$SpringCGLIB$$0.xStream(<generated>)
	at com.madhurtoppo.common.config.AxonConfig.xStream(AxonConfig.java:14)
	at com.madhurtoppo.common.config.AxonConfig$$SpringCGLIB$$0.CGLIB$xStream$0(<generated>)
	at com.madhurtoppo.common.config.AxonConfig$$SpringCGLIB$$FastClass$$1.invoke(<generated>)
	at org.springframework.cglib.proxy.MethodProxy.invokeSuper(MethodProxy.java:258)
	at org.springframework.context.annotation.ConfigurationClassEnhancer$BeanMethodInterceptor.intercept(ConfigurationClassEnhancer.java:348)
	at com.madhurtoppo.common.config.AxonConfig$$SpringCGLIB$$0.xStream(<generated>)
	at com.madhurtoppo.common.config.AxonConfig.xStream(AxonConfig.java:14)
	at com.madhurtoppo.common.config.AxonConfig$$SpringCGLIB$$0.CGLIB$xStream$0(<generated>)
	at com.madhurtoppo.common.config.AxonConfig$$SpringCGLIB$$FastClass$$1.invoke(<generated>)
	at org.springframework.cglib.proxy.MethodProxy.invokeSuper(MethodProxy.java:258)
	at org.springframework.context.annotation.ConfigurationClassEnhancer$BeanMethodInterceptor.intercept(ConfigurationClassEnhancer.java:348)
	at com.madhurtoppo.common.config.AxonConfig$$SpringCGLIB$$0.xStream(<generated>)
	at com.madhurtoppo.common.config.AxonConfig.xStream(AxonConfig.java:14)
	at com.madhurtoppo.common.config.AxonConfig$$SpringCGLIB$$0.CGLIB$xStream$0(<generated>)
	at com.madhurtoppo.common.config.AxonConfig$$SpringCGLIB$$FastClass$$1.invoke(<generated>)
	at org.springframework.cglib.proxy.MethodProxy.invokeSuper(MethodProxy.java:258)
	at org.springframework.context.annotation.ConfigurationClassEnhancer$BeanMethodInterceptor.intercept(ConfigurationClassEnhancer.java:348)
	at com.madhurtoppo.common.config.AxonConfig$$SpringCGLIB$$0.xStream(<generated>)
	at com.madhurtoppo.common.config.AxonConfig.xStream(AxonConfig.java:14)
	at com.madhurtoppo.common.config.AxonConfig$$SpringCGLIB$$0.CGLIB$xStream$0(<generated>)
	at com.madhurtoppo.common.config.AxonConfig$$SpringCGLIB$$FastClass$$1.invoke(<generated>)
	at org.springframework.cglib.proxy.MethodProxy.invokeSuper(MethodProxy.java:258)
	at org.springframework.context.annotation.ConfigurationClassEnhancer$BeanMethodInterceptor.intercept(ConfigurationClassEnhancer.java:348)
	at com.madhurtoppo.common.config.AxonConfig$$SpringCGLIB$$0.xStream(<generated>)
	at com.madhurtoppo.common.config.AxonConfig.xStream(AxonConfig.java:14)
	at com.madhurtoppo.common.config.AxonConfig$$SpringCGLIB$$0.CGLIB$xStream$0(<generated>)
	at com.madhurtoppo.common.config.AxonConfig$$SpringCGLIB$$FastClass$$1.invoke(<generated>)
	at org.springframework.cglib.proxy.MethodProxy.invokeSuper(MethodProxy.java:258)
	at org.springframework.context.annotation.ConfigurationClassEnhancer$BeanMethodInterceptor.intercept(ConfigurationClassEnhancer.java:348)
	at com.madhurtoppo.common.config.AxonConfig$$SpringCGLIB$$0.xStream(<generated>)
	at com.madhurtoppo.common.config.AxonConfig.xStream(AxonConfig.java:14)
	at com.madhurtoppo.common.config.AxonConfig$$SpringCGLIB$$0.CGLIB$xStream$0(<generated>)
	at com.madhurtoppo.common.config.AxonConfig$$SpringCGLIB$$FastClass$$1.invoke(<generated>)
	at org.springframework.cglib.proxy.MethodProxy.invokeSuper(MethodProxy.java:258)
	at org.springframework.context.annotation.ConfigurationClassEnhancer$BeanMethodInterceptor.intercept(ConfigurationClassEnhancer.java:348)
	at com.madhurtoppo.common.config.AxonConfig$$SpringCGLIB$$0.xStream(<generated>)
	at com.madhurtoppo.common.config.AxonConfig.xStream(AxonConfig.java:14)
	at com.madhurtoppo.common.config.AxonConfig$$SpringCGLIB$$0.CGLIB$xStream$0(<generated>)
	at com.madhurtoppo.common.config.AxonConfig$$SpringCGLIB$$FastClass$$1.invoke(<generated>)
	at org.springframework.cglib.proxy.MethodProxy.invokeSuper(MethodProxy.java:258)
	at org.springframework.context.annotation.ConfigurationClassEnhancer$BeanMethodInterceptor.intercept(ConfigurationClassEnhancer.java:348)
	at com.madhurtoppo.common.config.AxonConfig$$SpringCGLIB$$0.xStream(<generated>)
	at com.madhurtoppo.common.config.AxonConfig.xStream(AxonConfig.java:14)
	at com.madhurtoppo.common.config.AxonConfig$$SpringCGLIB$$0.CGLIB$xStream$0(<generated>)
	at com.madhurtoppo.common.config.AxonConfig$$SpringCGLIB$$FastClass$$1.invoke(<generated>)
	at org.springframework.cglib.proxy.MethodProxy.invokeSuper(MethodProxy.java:258)
	at org.springframework.context.annotation.ConfigurationClassEnhancer$BeanMethodInterceptor.intercept(ConfigurationClassEnhancer.java:348)
	at com.madhurtoppo.common.config.AxonConfig$$SpringCGLIB$$0.xStream(<generated>)
	at com.madhurtoppo.common.config.AxonConfig.xStream(AxonConfig.java:14)
	at com.madhurtoppo.common.config.AxonConfig$$SpringCGLIB$$0.CGLIB$xStream$0(<generated>)
	at com.madhurtoppo.common.config.AxonConfig$$SpringCGLIB$$FastClass$$1.invoke(<generated>)
	at org.springframework.cglib.proxy.MethodProxy.invokeSuper(MethodProxy.java:258)
	at org.springframework.context.annotation.ConfigurationClassEnhancer$BeanMethodInterceptor.intercept(ConfigurationClassEnhancer.java:348)
	at com.madhurtoppo.common.config.AxonConfig$$SpringCGLIB$$0.xStream(<generated>)
	at com.madhurtoppo.common.config.AxonConfig.xStream(AxonConfig.java:14)
	at com.madhurtoppo.common.config.AxonConfig$$SpringCGLIB$$0.CGLIB$xStream$0(<generated>)
	at com.madhurtoppo.common.config.AxonConfig$$SpringCGLIB$$FastClass$$1.invoke(<generated>)
	at org.springframework.cglib.proxy.MethodProxy.invokeSuper(MethodProxy.java:258)
	at org.springframework.context.annotation.ConfigurationClassEnhancer$BeanMethodInterceptor.intercept(ConfigurationClassEnhancer.java:348)
	at com.madhurtoppo.common.config.AxonConfig$$SpringCGLIB$$0.xStream(<generated>)
	at com.madhurtoppo.common.config.AxonConfig.xStream(AxonConfig.java:14)
	at com.madhurtoppo.common.config.AxonConfig$$SpringCGLIB$$0.CGLIB$xStream$0(<generated>)
	at com.madhurtoppo.common.config.AxonConfig$$SpringCGLIB$$FastClass$$1.invoke(<generated>)
	at org.springframework.cglib.proxy.MethodProxy.invokeSuper(MethodProxy.java:258)
	at org.springframework.context.annotation.ConfigurationClassEnhancer$BeanMethodInterceptor.intercept(ConfigurationClassEnhancer.java:348)
	at com.madhurtoppo.common.config.AxonConfig$$SpringCGLIB$$0.xStream(<generated>)
	at com.madhurtoppo.common.config.AxonConfig.xStream(AxonConfig.java:14)
	at com.madhurtoppo.common.config.AxonConfig$$SpringCGLIB$$0.CGLIB$xStream$0(<generated>)
	at com.madhurtoppo.common.config.AxonConfig$$SpringCGLIB$$FastClass$$1.invoke(<generated>)
	at org.springframework.cglib.proxy.MethodProxy.invokeSuper(MethodProxy.java:258)
	at org.springframework.context.annotation.ConfigurationClassEnhancer$BeanMethodInterceptor.intercept(ConfigurationClassEnhancer.java:348)
	at com.madhurtoppo.common.config.AxonConfig$$SpringCGLIB$$0.xStream(<generated>)
	at com.madhurtoppo.common.config.AxonConfig.xStream(AxonConfig.java:14)
	at com.madhurtoppo.common.config.AxonConfig$$SpringCGLIB$$0.CGLIB$xStream$0(<generated>)
	at com.madhurtoppo.common.config.AxonConfig$$SpringCGLIB$$FastClass$$1.invoke(<generated>)
	at org.springframework.cglib.proxy.MethodProxy.invokeSuper(MethodProxy.java:258)
	at org.springframework.context.annotation.ConfigurationClassEnhancer$BeanMethodInterceptor.intercept(ConfigurationClassEnhancer.java:348)
	at com.madhurtoppo.common.config.AxonConfig$$SpringCGLIB$$0.xStream(<generated>)
	at com.madhurtoppo.common.config.AxonConfig.xStream(AxonConfig.java:14)
	at com.madhurtoppo.common.config.AxonConfig$$SpringCGLIB$$0.CGLIB$xStream$0(<generated>)
	at com.madhurtoppo.common.config.AxonConfig$$SpringCGLIB$$FastClass$$1.invoke(<generated>)
	at org.springframework.cglib.proxy.MethodProxy.invokeSuper(MethodProxy.java:258)
	at org.springframework.context.annotation.ConfigurationClassEnhancer$BeanMethodInterceptor.intercept(ConfigurationClassEnhancer.java:348)
	at com.madhurtoppo.common.config.AxonConfig$$SpringCGLIB$$0.xStream(<generated>)
	at com.madhurtoppo.common.config.AxonConfig.xStream(AxonConfig.java:14)
	at com.madhurtoppo.common.config.AxonConfig$$SpringCGLIB$$0.CGLIB$xStream$0(<generated>)
	at com.madhurtoppo.common.config.AxonConfig$$SpringCGLIB$$FastClass$$1.invoke(<generated>)
	at org.springframework.cglib.proxy.MethodProxy.invokeSuper(MethodProxy.java:258)
	at org.springframework.context.annotation.ConfigurationClassEnhancer$BeanMethodInterceptor.intercept(ConfigurationClassEnhancer.java:348)
	at com.madhurtoppo.common.config.AxonConfig$$SpringCGLIB$$0.xStream(<generated>)
	at com.madhurtoppo.common.config.AxonConfig.xStream(AxonConfig.java:14)
	at com.madhurtoppo.common.config.AxonConfig$$SpringCGLIB$$0.CGLIB$xStream$0(<generated>)
	at com.madhurtoppo.common.config.AxonConfig$$SpringCGLIB$$FastClass$$1.invoke(<generated>)
	at org.springframework.cglib.proxy.MethodProxy.invokeSuper(MethodProxy.java:258)
	at org.springframework.context.annotation.ConfigurationClassEnhancer$BeanMethodInterceptor.intercept(ConfigurationClassEnhancer.java:348)
	at com.madhurtoppo.common.config.AxonConfig$$SpringCGLIB$$0.xStream(<generated>)
	at com.madhurtoppo.common.config.AxonConfig.xStream(AxonConfig.java:14)
	at com.madhurtoppo.common.config.AxonConfig$$SpringCGLIB$$0.CGLIB$xStream$0(<generated>)
	at com.madhurtoppo.common.config.AxonConfig$$SpringCGLIB$$FastClass$$1.invoke(<generated>)
	at org.springframework.cglib.proxy.MethodProxy.invokeSuper(MethodProxy.java:258)
	at org.springframework.context.annotation.ConfigurationClassEnhancer$BeanMethodInterceptor.intercept(ConfigurationClassEnhancer.java:348)
	at com.madhurtoppo.common.config.AxonConfig$$SpringCGLIB$$0.xStream(<generated>)
	at com.madhurtoppo.common.config.AxonConfig.xStream(AxonConfig.java:14)
	at com.madhurtoppo.common.config.AxonConfig$$SpringCGLIB$$0.CGLIB$xStream$0(<generated>)
	at com.madhurtoppo.common.config.AxonConfig$$SpringCGLIB$$FastClass$$1.invoke(<generated>)
	at org.springframework.cglib.proxy.MethodProxy.invokeSuper(MethodProxy.java:258)
	at org.springframework.context.annotation.ConfigurationClassEnhancer$BeanMethodInterceptor.intercept(ConfigurationClassEnhancer.java:348)
	at com.madhurtoppo.common.config.AxonConfig$$SpringCGLIB$$0.xStream(<generated>)
	at com.madhurtoppo.common.config.AxonConfig.xStream(AxonConfig.java:14)
	at com.madhurtoppo.common.config.AxonConfig$$SpringCGLIB$$0.CGLIB$xStream$0(<generated>)
	at com.madhurtoppo.common.config.AxonConfig$$SpringCGLIB$$FastClass$$1.invoke(<generated>)
	at org.springframework.cglib.proxy.MethodProxy.invokeSuper(MethodProxy.java:258)
	at org.springframework.context.annotation.ConfigurationClassEnhancer$BeanMethodInterceptor.intercept(ConfigurationClassEnhancer.java:348)
	at com.madhurtoppo.common.config.AxonConfig$$SpringCGLIB$$0.xStream(<generated>)
	at com.madhurtoppo.common.config.AxonConfig.xStream(AxonConfig.java:14)
	at com.madhurtoppo.common.config.AxonConfig$$SpringCGLIB$$0.CGLIB$xStream$0(<generated>)
	at com.madhurtoppo.common.config.AxonConfig$$SpringCGLIB$$FastClass$$1.invoke(<generated>)
	at org.springframework.cglib.proxy.MethodProxy.invokeSuper(MethodProxy.java:258)
	at org.springframework.context.annotation.ConfigurationClassEnhancer$BeanMethodInterceptor.intercept(ConfigurationClassEnhancer.java:348)
	at com.madhurtoppo.common.config.AxonConfig$$SpringCGLIB$$0.xStream(<generated>)
	at com.madhurtoppo.common.config.AxonConfig.xStream(AxonConfig.java:14)
	at com.madhurtoppo.common.config.AxonConfig$$SpringCGLIB$$0.CGLIB$xStream$0(<generated>)
	at com.madhurtoppo.common.config.AxonConfig$$SpringCGLIB$$FastClass$$1.invoke(<generated>)
	at org.springframework.cglib.proxy.MethodProxy.invokeSuper(MethodProxy.java:258)
	at org.springframework.context.annotation.ConfigurationClassEnhancer$BeanMethodInterceptor.intercept(ConfigurationClassEnhancer.java:348)
	at com.madhurtoppo.common.config.AxonConfig$$SpringCGLIB$$0.xStream(<generated>)
	at com.madhurtoppo.common.config.AxonConfig.xStream(AxonConfig.java:14)
	at com.madhurtoppo.common.config.AxonConfig$$SpringCGLIB$$0.CGLIB$xStream$0(<generated>)
	at com.madhurtoppo.common.config.AxonConfig$$SpringCGLIB$$FastClass$$1.invoke(<generated>)
	at org.springframework.cglib.proxy.MethodProxy.invokeSuper(MethodProxy.java:258)
	at org.springframework.context.annotation.ConfigurationClassEnhancer$BeanMethodInterceptor.intercept(ConfigurationClassEnhancer.java:348)
	at com.madhurtoppo.common.config.AxonConfig$$SpringCGLIB$$0.xStream(<generated>)
	at com.madhurtoppo.common.config.AxonConfig.xStream(AxonConfig.java:14)
	at com.madhurtoppo.common.config.AxonConfig$$SpringCGLIB$$0.CGLIB$xStream$0(<generated>)
	at com.madhurtoppo.common.config.AxonConfig$$SpringCGLIB$$FastClass$$1.invoke(<generated>)
	at org.springframework.cglib.proxy.MethodProxy.invokeSuper(MethodProxy.java:258)
	at org.springframework.context.annotation.ConfigurationClassEnhancer$BeanMethodInterceptor.intercept(ConfigurationClassEnhancer.java:348)
	at com.madhurtoppo.common.config.AxonConfig$$SpringCGLIB$$0.xStream(<generated>)
	at com.madhurtoppo.common.config.AxonConfig.xStream(AxonConfig.java:14)
	at com.madhurtoppo.common.config.AxonConfig$$SpringCGLIB$$0.CGLIB$xStream$0(<generated>)
	at com.madhurtoppo.common.config.AxonConfig$$SpringCGLIB$$FastClass$$1.invoke(<generated>)
	at org.springframework.cglib.proxy.MethodProxy.invokeSuper(MethodProxy.java:258)
	at org.springframework.context.annotation.ConfigurationClassEnhancer$BeanMethodInterceptor.intercept(ConfigurationClassEnhancer.java:348)
	at com.madhurtoppo.common.config.AxonConfig$$SpringCGLIB$$0.xStream(<generated>)
	at com.madhurtoppo.common.config.AxonConfig.xStream(AxonConfig.java:14)
	at com.madhurtoppo.common.config.AxonConfig$$SpringCGLIB$$0.CGLIB$xStream$0(<generated>)
	at com.madhurtoppo.common.config.AxonConfig$$SpringCGLIB$$FastClass$$1.invoke(<generated>)
	at org.springframework.cglib.proxy.MethodProxy.invokeSuper(MethodProxy.java:258)
	at org.springframework.context.annotation.ConfigurationClassEnhancer$BeanMethodInterceptor.intercept(ConfigurationClassEnhancer.java:348)
	at com.madhurtoppo.common.config.AxonConfig$$SpringCGLIB$$0.xStream(<generated>)
	at com.madhurtoppo.common.config.AxonConfig.xStream(AxonConfig.java:14)
	at com.madhurtoppo.common.config.AxonConfig$$SpringCGLIB$$0.CGLIB$xStream$0(<generated>)
	at com.madhurtoppo.common.config.AxonConfig$$SpringCGLIB$$FastClass$$1.invoke(<generated>)
	at org.springframework.cglib.proxy.MethodProxy.invokeSuper(MethodProxy.java:258)
	at org.springframework.context.annotation.ConfigurationClassEnhancer$BeanMethodInterceptor.intercept(ConfigurationClassEnhancer.java:348)
	at com.madhurtoppo.common.config.AxonConfig$$SpringCGLIB$$0.xStream(<generated>)
	at com.madhurtoppo.common.config.AxonConfig.xStream(AxonConfig.java:14)
	at com.madhurtoppo.common.config.AxonConfig$$SpringCGLIB$$0.CGLIB$xStream$0(<generated>)
	at com.madhurtoppo.common.config.AxonConfig$$SpringCGLIB$$FastClass$$1.invoke(<generated>)
	at org.springframework.cglib.proxy.MethodProxy.invokeSuper(MethodProxy.java:258)
	at org.springframework.context.annotation.ConfigurationClassEnhancer$BeanMethodInterceptor.intercept(ConfigurationClassEnhancer.java:348)
	at com.madhurtoppo.common.config.AxonConfig$$SpringCGLIB$$0.xStream(<generated>)
	at com.madhurtoppo.common.config.AxonConfig.xStream(AxonConfig.java:14)
	at com.madhurtoppo.common.config.AxonConfig$$SpringCGLIB$$0.CGLIB$xStream$0(<generated>)
	at com.madhurtoppo.common.config.AxonConfig$$SpringCGLIB$$FastClass$$1.invoke(<generated>)
	at org.springframework.cglib.proxy.MethodProxy.invokeSuper(MethodProxy.java:258)
	at org.springframework.context.annotation.ConfigurationClassEnhancer$BeanMethodInterceptor.intercept(ConfigurationClassEnhancer.java:348)
	at com.madhurtoppo.common.config.AxonConfig$$SpringCGLIB$$0.xStream(<generated>)
	at com.madhurtoppo.common.config.AxonConfig.xStream(AxonConfig.java:14)
	at com.madhurtoppo.common.config.AxonConfig$$SpringCGLIB$$0.CGLIB$xStream$0(<generated>)
	at com.madhurtoppo.common.config.AxonConfig$$SpringCGLIB$$FastClass$$1.invoke(<generated>)
	at org.springframework.cglib.proxy.MethodProxy.invokeSuper(MethodProxy.java:258)
	at org.springframework.context.annotation.ConfigurationClassEnhancer$BeanMethodInterceptor.intercept(ConfigurationClassEnhancer.java:348)
	at com.madhurtoppo.common.config.AxonConfig$$SpringCGLIB$$0.xStream(<generated>)
	at com.madhurtoppo.common.config.AxonConfig.xStream(AxonConfig.java:14)
	at com.madhurtoppo.common.config.AxonConfig$$SpringCGLIB$$0.CGLIB$xStream$0(<generated>)
	at com.madhurtoppo.common.config.AxonConfig$$SpringCGLIB$$FastClass$$1.invoke(<generated>)
	at org.springframework.cglib.proxy.MethodProxy.invokeSuper(MethodProxy.java:258)
	at org.springframework.context.annotation.ConfigurationClassEnhancer$BeanMethodInterceptor.intercept(ConfigurationClassEnhancer.java:348)
	at com.madhurtoppo.common.config.AxonConfig$$SpringCGLIB$$0.xStream(<generated>)
	at com.madhurtoppo.common.config.AxonConfig.xStream(AxonConfig.java:14)
	at com.madhurtoppo.common.config.AxonConfig$$SpringCGLIB$$0.CGLIB$xStream$0(<generated>)
	at com.madhurtoppo.common.config.AxonConfig$$SpringCGLIB$$FastClass$$1.invoke(<generated>)
	at org.springframework.cglib.proxy.MethodProxy.invokeSuper(MethodProxy.java:258)
	at org.springframework.context.annotation.ConfigurationClassEnhancer$BeanMethodInterceptor.intercept(ConfigurationClassEnhancer.java:348)
	at com.madhurtoppo.common.config.AxonConfig$$SpringCGLIB$$0.xStream(<generated>)
	at com.madhurtoppo.common.config.AxonConfig.xStream(AxonConfig.java:14)
	at com.madhurtoppo.common.config.AxonConfig$$SpringCGLIB$$0.CGLIB$xStream$0(<generated>)
	at com.madhurtoppo.common.config.AxonConfig$$SpringCGLIB$$FastClass$$1.invoke(<generated>)
	at org.springframework.cglib.proxy.MethodProxy.invokeSuper(MethodProxy.java:258)
	at org.springframework.context.annotation.ConfigurationClassEnhancer$BeanMethodInterceptor.intercept(ConfigurationClassEnhancer.java:348)
	at com.madhurtoppo.common.config.AxonConfig$$SpringCGLIB$$0.xStream(<generated>)
	at com.madhurtoppo.common.config.AxonConfig.xStream(AxonConfig.java:14)
	at com.madhurtoppo.common.config.AxonConfig$$SpringCGLIB$$0.CGLIB$xStream$0(<generated>)
	at com.madhurtoppo.common.config.AxonConfig$$SpringCGLIB$$FastClass$$1.invoke(<generated>)
	at org.springframework.cglib.proxy.MethodProxy.invokeSuper(MethodProxy.java:258)
	at org.springframework.context.annotation.ConfigurationClassEnhancer$BeanMethodInterceptor.intercept(ConfigurationClassEnhancer.java:348)
	at com.madhurtoppo.common.config.AxonConfig$$SpringCGLIB$$0.xStream(<generated>)
	at com.madhurtoppo.common.config.AxonConfig.xStream(AxonConfig.java:14)
	at com.madhurtoppo.common.config.AxonConfig$$SpringCGLIB$$0.CGLIB$xStream$0(<generated>)
	at com.madhurtoppo.common.config.AxonConfig$$SpringCGLIB$$FastClass$$1.invoke(<generated>)
	at org.springframework.cglib.proxy.MethodProxy.invokeSuper(MethodProxy.java:258)
	at org.springframework.context.annotation.ConfigurationClassEnhancer$BeanMethodInterceptor.intercept(ConfigurationClassEnhancer.java:348)
	at com.madhurtoppo.common.config.AxonConfig$$SpringCGLIB$$0.xStream(<generated>)
	at com.madhurtoppo.common.config.AxonConfig.xStream(AxonConfig.java:14)
	at com.madhurtoppo.common.config.AxonConfig$$SpringCGLIB$$0.CGLIB$xStream$0(<generated>)
	at com.madhurtoppo.common.config.AxonConfig$$SpringCGLIB$$FastClass$$1.invoke(<generated>)
	at org.springframework.cglib.proxy.MethodProxy.invokeSuper(MethodProxy.java:258)
	at org.springframework.context.annotation.ConfigurationClassEnhancer$BeanMethodInterceptor.intercept(ConfigurationClassEnhancer.java:348)
	at com.madhurtoppo.common.config.AxonConfig$$SpringCGLIB$$0.xStream(<generated>)
	at com.madhurtoppo.common.config.AxonConfig.xStream(AxonConfig.java:14)
	at com.madhurtoppo.common.config.AxonConfig$$SpringCGLIB$$0.CGLIB$xStream$0(<generated>)
	at com.madhurtoppo.common.config.AxonConfig$$SpringCGLIB$$FastClass$$1.invoke(<generated>)
	at org.springframework.cglib.proxy.MethodProxy.invokeSuper(MethodProxy.java:258)
	at org.springframework.context.annotation.ConfigurationClassEnhancer$BeanMethodInterceptor.intercept(ConfigurationClassEnhancer.java:348)
	at com.madhurtoppo.common.config.AxonConfig$$SpringCGLIB$$0.xStream(<generated>)
	at com.madhurtoppo.common.config.AxonConfig.xStream(AxonConfig.java:14)
	at com.madhurtoppo.common.config.AxonConfig$$SpringCGLIB$$0.CGLIB$xStream$0(<generated>)
	at com.madhurtoppo.common.config.AxonConfig$$SpringCGLIB$$FastClass$$1.invoke(<generated>)
	at org.springframework.cglib.proxy.MethodProxy.invokeSuper(MethodProxy.java:258)
	at org.springframework.context.annotation.ConfigurationClassEnhancer$BeanMethodInterceptor.intercept(ConfigurationClassEnhancer.java:348)
	at com.madhurtoppo.common.config.AxonConfig$$SpringCGLIB$$0.xStream(<generated>)
	at com.madhurtoppo.common.config.AxonConfig.xStream(AxonConfig.java:14)
	at com.madhurtoppo.common.config.AxonConfig$$SpringCGLIB$$0.CGLIB$xStream$0(<generated>)
	at com.madhurtoppo.common.config.AxonConfig$$SpringCGLIB$$FastClass$$1.invoke(<generated>)
	at org.springframework.cglib.proxy.MethodProxy.invokeSuper(MethodProxy.java:258)
	at org.springframework.context.annotation.ConfigurationClassEnhancer$BeanMethodInterceptor.intercept(ConfigurationClassEnhancer.java:348)
	at com.madhurtoppo.common.config.AxonConfig$$SpringCGLIB$$0.xStream(<generated>)
	at com.madhurtoppo.common.config.AxonConfig.xStream(AxonConfig.java:14)
	at com.madhurtoppo.common.config.AxonConfig$$SpringCGLIB$$0.CGLIB$xStream$0(<generated>)
	at com.madhurtoppo.common.config.AxonConfig$$SpringCGLIB$$FastClass$$1.invoke(<generated>)
	at org.springframework.cglib.proxy.MethodProxy.invokeSuper(MethodProxy.java:258)
	at org.springframework.context.annotation.ConfigurationClassEnhancer$BeanMethodInterceptor.intercept(ConfigurationClassEnhancer.java:348)
	at com.madhurtoppo.common.config.AxonConfig$$SpringCGLIB$$0.xStream(<generated>)
	at com.madhurtoppo.common.config.AxonConfig.xStream(AxonConfig.java:14)
	at com.madhurtoppo.common.config.AxonConfig$$SpringCGLIB$$0.CGLIB$xStream$0(<generated>)
	at com.madhurtoppo.common.config.AxonConfig$$SpringCGLIB$$FastClass$$1.invoke(<generated>)
	at org.springframework.cglib.proxy.MethodProxy.invokeSuper(MethodProxy.java:258)
	at org.springframework.context.annotation.ConfigurationClassEnhancer$BeanMethodInterceptor.intercept(ConfigurationClassEnhancer.java:348)
	at com.madhurtoppo.common.config.AxonConfig$$SpringCGLIB$$0.xStream(<generated>)
	at com.madhurtoppo.common.config.AxonConfig.xStream(AxonConfig.java:14)
	at com.madhurtoppo.common.config.AxonConfig$$SpringCGLIB$$0.CGLIB$xStream$0(<generated>)
	at com.madhurtoppo.common.config.AxonConfig$$SpringCGLIB$$FastClass$$1.invoke(<generated>)
	at org.springframework.cglib.proxy.MethodProxy.invokeSuper(MethodProxy.java:258)
	at org.springframework.context.annotation.ConfigurationClassEnhancer$BeanMethodInterceptor.intercept(ConfigurationClassEnhancer.java:348)
	at com.madhurtoppo.common.config.AxonConfig$$SpringCGLIB$$0.xStream(<generated>)
	at com.madhurtoppo.common.config.AxonConfig.xStream(AxonConfig.java:14)
	at com.madhurtoppo.common.config.AxonConfig$$SpringCGLIB$$0.CGLIB$xStream$0(<generated>)
	at com.madhurtoppo.common.config.AxonConfig$$SpringCGLIB$$FastClass$$1.invoke(<generated>)
	at org.springframework.cglib.proxy.MethodProxy.invokeSuper(MethodProxy.java:258)
	at org.springframework.context.annotation.ConfigurationClassEnhancer$BeanMethodInterceptor.intercept(ConfigurationClassEnhancer.java:348)
	at com.madhurtoppo.common.config.AxonConfig$$SpringCGLIB$$0.xStream(<generated>)
	at com.madhurtoppo.common.config.AxonConfig.xStream(AxonConfig.java:14)
	at com.madhurtoppo.common.config.AxonConfig$$SpringCGLIB$$0.CGLIB$xStream$0(<generated>)
	at com.madhurtoppo.common.config.AxonConfig$$SpringCGLIB$$FastClass$$1.invoke(<generated>)
	at org.springframework.cglib.proxy.MethodProxy.invokeSuper(MethodProxy.java:258)
	at org.springframework.context.annotation.ConfigurationClassEnhancer$BeanMethodInterceptor.intercept(ConfigurationClassEnhancer.java:348)
	at com.madhurtoppo.common.config.AxonConfig$$SpringCGLIB$$0.xStream(<generated>)
	at com.madhurtoppo.common.config.AxonConfig.xStream(AxonConfig.java:14)
	at com.madhurtoppo.common.config.AxonConfig$$SpringCGLIB$$0.CGLIB$xStream$0(<generated>)
	at com.madhurtoppo.common.config.AxonConfig$$SpringCGLIB$$FastClass$$1.invoke(<generated>)
	at org.springframework.cglib.proxy.MethodProxy.invokeSuper(MethodProxy.java:258)
	at org.springframework.context.annotation.ConfigurationClassEnhancer$BeanMethodInterceptor.intercept(ConfigurationClassEnhancer.java:348)
	at com.madhurtoppo.common.config.AxonConfig$$SpringCGLIB$$0.xStream(<generated>)
	at com.madhurtoppo.common.config.AxonConfig.xStream(AxonConfig.java:14)
	at com.madhurtoppo.common.config.AxonConfig$$SpringCGLIB$$0.CGLIB$xStream$0(<generated>)
	at com.madhurtoppo.common.config.AxonConfig$$SpringCGLIB$$FastClass$$1.invoke(<generated>)
	at org.springframework.cglib.proxy.MethodProxy.invokeSuper(MethodProxy.java:258)
	at org.springframework.context.annotation.ConfigurationClassEnhancer$BeanMethodInterceptor.intercept(ConfigurationClassEnhancer.java:348)
	at com.madhurtoppo.common.config.AxonConfig$$SpringCGLIB$$0.xStream(<generated>)
	at com.madhurtoppo.common.config.AxonConfig.xStream(AxonConfig.java:14)
	at com.madhurtoppo.common.config.AxonConfig$$SpringCGLIB$$0.CGLIB$xStream$0(<generated>)
	at com.madhurtoppo.common.config.AxonConfig$$SpringCGLIB$$FastClass$$1.invoke(<generated>)
	at org.springframework.cglib.proxy.MethodProxy.invokeSuper(MethodProxy.java:258)
	at org.springframework.context.annotation.ConfigurationClassEnhancer$BeanMethodInterceptor.intercept(ConfigurationClassEnhancer.java:348)
	at com.madhurtoppo.common.config.AxonConfig$$SpringCGLIB$$0.xStream(<generated>)
	at com.madhurtoppo.common.config.AxonConfig.xStream(AxonConfig.java:14)
	at com.madhurtoppo.common.config.AxonConfig$$SpringCGLIB$$0.CGLIB$xStream$0(<generated>)
	at com.madhurtoppo.common.config.AxonConfig$$SpringCGLIB$$FastClass$$1.invoke(<generated>)
	at org.springframework.cglib.proxy.MethodProxy.invokeSuper(MethodProxy.java:258)
	at org.springframework.context.annotation.ConfigurationClassEnhancer$BeanMethodInterceptor.intercept(ConfigurationClassEnhancer.java:348)
	at com.madhurtoppo.common.config.AxonConfig$$SpringCGLIB$$0.xStream(<generated>)
	at com.madhurtoppo.common.config.AxonConfig.xStream(AxonConfig.java:14)
	at com.madhurtoppo.common.config.AxonConfig$$SpringCGLIB$$0.CGLIB$xStream$0(<generated>)
	at com.madhurtoppo.common.config.AxonConfig$$SpringCGLIB$$FastClass$$1.invoke(<generated>)
	at org.springframework.cglib.proxy.MethodProxy.invokeSuper(MethodProxy.java:258)
	at org.springframework.context.annotation.ConfigurationClassEnhancer$BeanMethodInterceptor.intercept(ConfigurationClassEnhancer.java:348)
	at com.madhurtoppo.common.config.AxonConfig$$SpringCGLIB$$0.xStream(<generated>)
	at com.madhurtoppo.common.config.AxonConfig.xStream(AxonConfig.java:14)
	at com.madhurtoppo.common.config.AxonConfig$$SpringCGLIB$$0.CGLIB$xStream$0(<generated>)
	at com.madhurtoppo.common.config.AxonConfig$$SpringCGLIB$$FastClass$$1.invoke(<generated>)
	at org.springframework.cglib.proxy.MethodProxy.invokeSuper(MethodProxy.java:258)
	at org.springframework.context.annotation.ConfigurationClassEnhancer$BeanMethodInterceptor.intercept(ConfigurationClassEnhancer.java:348)
	at com.madhurtoppo.common.config.AxonConfig$$SpringCGLIB$$0.xStream(<generated>)
	at com.madhurtoppo.common.config.AxonConfig.xStream(AxonConfig.java:14)
	at com.madhurtoppo.common.config.AxonConfig$$SpringCGLIB$$0.CGLIB$xStream$0(<generated>)
	at com.madhurtoppo.common.config.AxonConfig$$SpringCGLIB$$FastClass$$1.invoke(<generated>)
	at org.springframework.cglib.proxy.MethodProxy.invokeSuper(MethodProxy.java:258)
	at org.springframework.context.annotation.ConfigurationClassEnhancer$BeanMethodInterceptor.intercept(ConfigurationClassEnhancer.java:348)
	at com.madhurtoppo.common.config.AxonConfig$$SpringCGLIB$$0.xStream(<generated>)
	at com.madhurtoppo.common.config.AxonConfig.xStream(AxonConfig.java:14)
	at com.madhurtoppo.common.config.AxonConfig$$SpringCGLIB$$0.CGLIB$xStream$0(<generated>)
	at com.madhurtoppo.common.config.AxonConfig$$SpringCGLIB$$FastClass$$1.invoke(<generated>)
	at org.springframework.cglib.proxy.MethodProxy.invokeSuper(MethodProxy.java:258)
	at org.springframework.context.annotation.ConfigurationClassEnhancer$BeanMethodInterceptor.intercept(ConfigurationClassEnhancer.java:348)
	at com.madhurtoppo.common.config.AxonConfig$$SpringCGLIB$$0.xStream(<generated>)
	at com.madhurtoppo.common.config.AxonConfig.xStream(AxonConfig.java:14)
	at com.madhurtoppo.common.config.AxonConfig$$SpringCGLIB$$0.CGLIB$xStream$0(<generated>)
	at com.madhurtoppo.common.config.AxonConfig$$SpringCGLIB$$FastClass$$1.invoke(<generated>)
	at org.springframework.cglib.proxy.MethodProxy.invokeSuper(MethodProxy.java:258)
	at org.springframework.context.annotation.ConfigurationClassEnhancer$BeanMethodInterceptor.intercept(ConfigurationClassEnhancer.java:348)
	at com.madhurtoppo.common.config.AxonConfig$$SpringCGLIB$$0.xStream(<generated>)
	at com.madhurtoppo.common.config.AxonConfig.xStream(AxonConfig.java:14)
	at com.madhurtoppo.common.config.AxonConfig$$SpringCGLIB$$0.CGLIB$xStream$0(<generated>)
	at com.madhurtoppo.common.config.AxonConfig$$SpringCGLIB$$FastClass$$1.invoke(<generated>)
	at org.springframework.cglib.proxy.MethodProxy.invokeSuper(MethodProxy.java:258)
	at org.springframework.context.annotation.ConfigurationClassEnhancer$BeanMethodInterceptor.intercept(ConfigurationClassEnhancer.java:348)
	at com.madhurtoppo.common.config.AxonConfig$$SpringCGLIB$$0.xStream(<generated>)
	at com.madhurtoppo.common.config.AxonConfig.xStream(AxonConfig.java:14)
	at com.madhurtoppo.common.config.AxonConfig$$SpringCGLIB$$0.CGLIB$xStream$0(<generated>)
	at com.madhurtoppo.common.config.AxonConfig$$SpringCGLIB$$FastClass$$1.invoke(<generated>)
	at org.springframework.cglib.proxy.MethodProxy.invokeSuper(MethodProxy.java:258)
[...]
	at com.madhurtoppo.common.config.AxonConfig$$SpringCGLIB$$FastClass$$1.invoke(<generated>)
	at org.springframework.cglib.proxy.MethodProxy.invokeSuper(MethodProxy.java:258)
	at org.springframework.context.annotation.ConfigurationClassEnhancer$BeanMethodInterceptor.intercept(ConfigurationClassEnhancer.java:348)
	at com.madhurtoppo.common.config.AxonConfig$$SpringCGLIB$$0.xStream(<generated>)
	at com.madhurtoppo.common.config.AxonConfig.xStream(AxonConfig.java:14)
	at com.madhurtoppo.common.config.AxonConfig$$SpringCGLIB$$0.CGLIB$xStream$0(<generated>)
	at com.madhurtoppo.common.config.AxonConfig$$SpringCGLIB$$FastClass$$1.invoke(<generated>)
	at org.springframework.cglib.proxy.MethodProxy.invokeSuper(MethodProxy.java:258)
	at org.springframework.context.annotation.ConfigurationClassEnhancer$BeanMethodInterceptor.intercept(ConfigurationClassEnhancer.java:348)
	at com.madhurtoppo.common.config.AxonConfig$$SpringCGLIB$$0.xStream(<generated>)
	at com.madhurtoppo.common.config.AxonConfig.xStream(AxonConfig.java:14)
	at com.madhurtoppo.common.config.AxonConfig$$SpringCGLIB$$0.CGLIB$xStream$0(<generated>)
	at com.madhurtoppo.common.config.AxonConfig$$SpringCGLIB$$FastClass$$1.invoke(<generated>)
	at org.springframework.cglib.proxy.MethodProxy.invokeSuper(MethodProxy.java:258)
	at org.springframework.context.annotation.ConfigurationClassEnhancer$BeanMethodInterceptor.intercept(ConfigurationClassEnhancer.java:348)
	at com.madhurtoppo.common.config.AxonConfig$$SpringCGLIB$$0.xStream(<generated>)
	at com.madhurtoppo.common.config.AxonConfig.xStream(AxonConfig.java:14)
	at com.madhurtoppo.common.config.AxonConfig$$SpringCGLIB$$0.CGLIB$xStream$0(<generated>)
	at com.madhurtoppo.common.config.AxonConfig$$SpringCGLIB$$FastClass$$1.invoke(<generated>)
	at org.springframework.cglib.proxy.MethodProxy.invokeSuper(MethodProxy.java:258)
	at org.springframework.context.annotation.ConfigurationClassEnhancer$BeanMethodInterceptor.intercept(ConfigurationClassEnhancer.java:348)
	at com.madhurtoppo.common.config.AxonConfig$$SpringCGLIB$$0.xStream(<generated>)
	at com.madhurtoppo.common.config.AxonConfig.xStream(AxonConfig.java:14)
	at com.madhurtoppo.common.config.AxonConfig$$SpringCGLIB$$0.CGLIB$xStream$0(<generated>)
	at com.madhurtoppo.common.config.AxonConfig$$SpringCGLIB$$FastClass$$1.invoke(<generated>)
	at org.springframework.cglib.proxy.MethodProxy.invokeSuper(MethodProxy.java:258)
	at org.springframework.context.annotation.ConfigurationClassEnhancer$BeanMethodInterceptor.intercept(ConfigurationClassEnhancer.java:348)
	at com.madhurtoppo.common.config.AxonConfig$$SpringCGLIB$$0.xStream(<generated>)
	at com.madhurtoppo.common.config.AxonConfig.xStream(AxonConfig.java:14)
	at com.madhurtoppo.common.config.AxonConfig$$SpringCGLIB$$0.CGLIB$xStream$0(<generated>)
	at com.madhurtoppo.common.config.AxonConfig$$SpringCGLIB$$FastClass$$1.invoke(<generated>)
	at org.springframework.cglib.proxy.MethodProxy.invokeSuper(MethodProxy.java:258)
	at org.springframework.context.annotation.ConfigurationClassEnhancer$BeanMethodInterceptor.intercept(ConfigurationClassEnhancer.java:348)
	at com.madhurtoppo.common.config.AxonConfig$$SpringCGLIB$$0.xStream(<generated>)
	at com.madhurtoppo.common.config.AxonConfig.xStream(AxonConfig.java:14)
	at com.madhurtoppo.common.config.AxonConfig$$SpringCGLIB$$0.CGLIB$xStream$0(<generated>)
	at com.madhurtoppo.common.config.AxonConfig$$SpringCGLIB$$FastClass$$1.invoke(<generated>)
	at org.springframework.cglib.proxy.MethodProxy.invokeSuper(MethodProxy.java:258)
	at org.springframework.context.annotation.ConfigurationClassEnhancer$BeanMethodInterceptor.intercept(ConfigurationClassEnhancer.java:348)
	at com.madhurtoppo.common.config.AxonConfig$$SpringCGLIB$$0.xStream(<generated>)
	at com.madhurtoppo.common.config.AxonConfig.xStream(AxonConfig.java:14)
	at com.madhurtoppo.common.config.AxonConfig$$SpringCGLIB$$0.CGLIB$xStream$0(<generated>)
	at com.madhurtoppo.common.config.AxonConfig$$SpringCGLIB$$FastClass$$1.invoke(<generated>)
	at org.springframework.cglib.proxy.MethodProxy.invokeSuper(MethodProxy.java:258)
	at org.springframework.context.annotation.ConfigurationClassEnhancer$BeanMethodInterceptor.intercept(ConfigurationClassEnhancer.java:348)
	at com.madhurtoppo.common.config.AxonConfig$$SpringCGLIB$$0.xStream(<generated>)
	at com.madhurtoppo.common.config.AxonConfig.xStream(AxonConfig.java:14)
	at com.madhurtoppo.common.config.AxonConfig$$SpringCGLIB$$0.CGLIB$xStream$0(<generated>)
	at com.madhurtoppo.common.config.AxonConfig$$SpringCGLIB$$FastClass$$1.invoke(<generated>)
	at org.springframework.cglib.proxy.MethodProxy.invokeSuper(MethodProxy.java:258)
	at org.springframework.context.annotation.ConfigurationClassEnhancer$BeanMethodInterceptor.intercept(ConfigurationClassEnhancer.java:348)
	at com.madhurtoppo.common.config.AxonConfig$$SpringCGLIB$$0.xStream(<generated>)
	at com.madhurtoppo.common.config.AxonConfig.xStream(AxonConfig.java:14)
	at com.madhurtoppo.common.config.AxonConfig$$SpringCGLIB$$0.CGLIB$xStream$0(<generated>)
	at com.madhurtoppo.common.config.AxonConfig$$SpringCGLIB$$FastClass$$1.invoke(<generated>)
	at org.springframework.cglib.proxy.MethodProxy.invokeSuper(MethodProxy.java:258)
	at org.springframework.context.annotation.ConfigurationClassEnhancer$BeanMethodInterceptor.intercept(ConfigurationClassEnhancer.java:348)
	at com.madhurtoppo.common.config.AxonConfig$$SpringCGLIB$$0.xStream(<generated>)
	at com.madhurtoppo.common.config.AxonConfig.xStream(AxonConfig.java:14)
	at com.madhurtoppo.common.config.AxonConfig$$SpringCGLIB$$0.CGLIB$xStream$0(<generated>)
	at com.madhurtoppo.common.config.AxonConfig$$SpringCGLIB$$FastClass$$1.invoke(<generated>)
	at org.springframework.cglib.proxy.MethodProxy.invokeSuper(MethodProxy.java:258)
	at org.springframework.context.annotation.ConfigurationClassEnhancer$BeanMethodInterceptor.intercept(ConfigurationClassEnhancer.java:348)
	at com.madhurtoppo.common.config.AxonConfig$$SpringCGLIB$$0.xStream(<generated>)
	at com.madhurtoppo.common.config.AxonConfig.xStream(AxonConfig.java:14)
	at com.madhurtoppo.common.config.AxonConfig$$SpringCGLIB$$0.CGLIB$xStream$0(<generated>)
	at com.madhurtoppo.common.config.AxonConfig$$SpringCGLIB$$FastClass$$1.invoke(<generated>)
	at org.springframework.cglib.proxy.MethodProxy.invokeSuper(MethodProxy.java:258)
	at org.springframework.context.annotation.ConfigurationClassEnhancer$BeanMethodInterceptor.intercept(ConfigurationClassEnhancer.java:348)
	at com.madhurtoppo.common.config.AxonConfig$$SpringCGLIB$$0.xStream(<generated>)
	at com.madhurtoppo.common.config.AxonConfig.xStream(AxonConfig.java:14)
	at com.madhurtoppo.common.config.AxonConfig$$SpringCGLIB$$0.CGLIB$xStream$0(<generated>)
	at com.madhurtoppo.common.config.AxonConfig$$SpringCGLIB$$FastClass$$1.invoke(<generated>)
	at org.springframework.cglib.proxy.MethodProxy.invokeSuper(MethodProxy.java:258)
	at org.springframework.context.annotation.ConfigurationClassEnhancer$BeanMethodInterceptor.intercept(ConfigurationClassEnhancer.java:348)
	at com.madhurtoppo.common.config.AxonConfig$$SpringCGLIB$$0.xStream(<generated>)
	at com.madhurtoppo.common.config.AxonConfig.xStream(AxonConfig.java:14)
	at com.madhurtoppo.common.config.AxonConfig$$SpringCGLIB$$0.CGLIB$xStream$0(<generated>)
	at com.madhurtoppo.common.config.AxonConfig$$SpringCGLIB$$FastClass$$1.invoke(<generated>)
	at org.springframework.cglib.proxy.MethodProxy.invokeSuper(MethodProxy.java:258)
	at org.springframework.context.annotation.ConfigurationClassEnhancer$BeanMethodInterceptor.intercept(ConfigurationClassEnhancer.java:348)
	at com.madhurtoppo.common.config.AxonConfig$$SpringCGLIB$$0.xStream(<generated>)
	at com.madhurtoppo.common.config.AxonConfig.xStream(AxonConfig.java:14)
	at com.madhurtoppo.common.config.AxonConfig$$SpringCGLIB$$0.CGLIB$xStream$0(<generated>)
	at com.madhurtoppo.common.config.AxonConfig$$SpringCGLIB$$FastClass$$1.invoke(<generated>)
	at org.springframework.cglib.proxy.MethodProxy.invokeSuper(MethodProxy.java:258)
	at org.springframework.context.annotation.ConfigurationClassEnhancer$BeanMethodInterceptor.intercept(ConfigurationClassEnhancer.java:348)
	at com.madhurtoppo.common.config.AxonConfig$$SpringCGLIB$$0.xStream(<generated>)
	at com.madhurtoppo.common.config.AxonConfig.xStream(AxonConfig.java:14)
	at com.madhurtoppo.common.config.AxonConfig$$SpringCGLIB$$0.CGLIB$xStream$0(<generated>)
	at com.madhurtoppo.common.config.AxonConfig$$SpringCGLIB$$FastClass$$1.invoke(<generated>)
	at org.springframework.cglib.proxy.MethodProxy.invokeSuper(MethodProxy.java:258)
	at org.springframework.context.annotation.ConfigurationClassEnhancer$BeanMethodInterceptor.intercept(ConfigurationClassEnhancer.java:348)
	at com.madhurtoppo.common.config.AxonConfig$$SpringCGLIB$$0.xStream(<generated>)
	at com.madhurtoppo.common.config.AxonConfig.xStream(AxonConfig.java:14)
	at com.madhurtoppo.common.config.AxonConfig$$SpringCGLIB$$0.CGLIB$xStream$0(<generated>)
	at com.madhurtoppo.common.config.AxonConfig$$SpringCGLIB$$FastClass$$1.invoke(<generated>)
	at org.springframework.cglib.proxy.MethodProxy.invokeSuper(MethodProxy.java:258)
	at org.springframework.context.annotation.ConfigurationClassEnhancer$BeanMethodInterceptor.intercept(ConfigurationClassEnhancer.java:348)
	at com.madhurtoppo.common.config.AxonConfig$$SpringCGLIB$$0.xStream(<generated>)
	at com.madhurtoppo.common.config.AxonConfig.xStream(AxonConfig.java:14)
	at com.madhurtoppo.common.config.AxonConfig$$SpringCGLIB$$0.CGLIB$xStream$0(<generated>)
	at com.madhurtoppo.common.config.AxonConfig$$SpringCGLIB$$FastClass$$1.invoke(<generated>)
	at org.springframework.cglib.proxy.MethodProxy.invokeSuper(MethodProxy.java:258)
	at org.springframework.context.annotation.ConfigurationClassEnhancer$BeanMethodInterceptor.intercept(ConfigurationClassEnhancer.java:348)
	at com.madhurtoppo.common.config.AxonConfig$$SpringCGLIB$$0.xStream(<generated>)
	at com.madhurtoppo.common.config.AxonConfig.xStream(AxonConfig.java:14)
	at com.madhurtoppo.common.config.AxonConfig$$SpringCGLIB$$0.CGLIB$xStream$0(<generated>)
	at com.madhurtoppo.common.config.AxonConfig$$SpringCGLIB$$FastClass$$1.invoke(<generated>)
	at org.springframework.cglib.proxy.MethodProxy.invokeSuper(MethodProxy.java:258)
	at org.springframework.context.annotation.ConfigurationClassEnhancer$BeanMethodInterceptor.intercept(ConfigurationClassEnhancer.java:348)
	at com.madhurtoppo.common.config.AxonConfig$$SpringCGLIB$$0.xStream(<generated>)
	at com.madhurtoppo.common.config.AxonConfig.xStream(AxonConfig.java:14)
	at com.madhurtoppo.common.config.AxonConfig$$SpringCGLIB$$0.CGLIB$xStream$0(<generated>)
	at com.madhurtoppo.common.config.AxonConfig$$SpringCGLIB$$FastClass$$1.invoke(<generated>)
	at org.springframework.cglib.proxy.MethodProxy.invokeSuper(MethodProxy.java:258)
	at org.springframework.context.annotation.ConfigurationClassEnhancer$BeanMethodInterceptor.intercept(ConfigurationClassEnhancer.java:348)
	at com.madhurtoppo.common.config.AxonConfig$$SpringCGLIB$$0.xStream(<generated>)
	at com.madhurtoppo.common.config.AxonConfig.xStream(AxonConfig.java:14)
	at com.madhurtoppo.common.config.AxonConfig$$SpringCGLIB$$0.CGLIB$xStream$0(<generated>)
	at com.madhurtoppo.common.config.AxonConfig$$SpringCGLIB$$FastClass$$1.invoke(<generated>)
	at org.springframework.cglib.proxy.MethodProxy.invokeSuper(MethodProxy.java:258)
	at org.springframework.context.annotation.ConfigurationClassEnhancer$BeanMethodInterceptor.intercept(ConfigurationClassEnhancer.java:348)
	at com.madhurtoppo.common.config.AxonConfig$$SpringCGLIB$$0.xStream(<generated>)
	at com.madhurtoppo.common.config.AxonConfig.xStream(AxonConfig.java:14)
	at com.madhurtoppo.common.config.AxonConfig$$SpringCGLIB$$0.CGLIB$xStream$0(<generated>)
	at com.madhurtoppo.common.config.AxonConfig$$SpringCGLIB$$FastClass$$1.invoke(<generated>)
	at org.springframework.cglib.proxy.MethodProxy.invokeSuper(MethodProxy.java:258)
	at org.springframework.context.annotation.ConfigurationClassEnhancer$BeanMethodInterceptor.intercept(ConfigurationClassEnhancer.java:348)
	at com.madhurtoppo.common.config.AxonConfig$$SpringCGLIB$$0.xStream(<generated>)
	at com.madhurtoppo.common.config.AxonConfig.xStream(AxonConfig.java:14)
	at com.madhurtoppo.common.config.AxonConfig$$SpringCGLIB$$0.CGLIB$xStream$0(<generated>)
	at com.madhurtoppo.common.config.AxonConfig$$SpringCGLIB$$FastClass$$1.invoke(<generated>)
	at org.springframework.cglib.proxy.MethodProxy.invokeSuper(MethodProxy.java:258)
	at org.springframework.context.annotation.ConfigurationClassEnhancer$BeanMethodInterceptor.intercept(ConfigurationClassEnhancer.java:348)
	at com.madhurtoppo.common.config.AxonConfig$$SpringCGLIB$$0.xStream(<generated>)
	at com.madhurtoppo.common.config.AxonConfig.xStream(AxonConfig.java:14)
	at com.madhurtoppo.common.config.AxonConfig$$SpringCGLIB$$0.CGLIB$xStream$0(<generated>)
	at com.madhurtoppo.common.config.AxonConfig$$SpringCGLIB$$FastClass$$1.invoke(<generated>)
	at org.springframework.cglib.proxy.MethodProxy.invokeSuper(MethodProxy.java:258)
	at org.springframework.context.annotation.ConfigurationClassEnhancer$BeanMethodInterceptor.intercept(ConfigurationClassEnhancer.java:348)
	at com.madhurtoppo.common.config.AxonConfig$$SpringCGLIB$$0.xStream(<generated>)
	at com.madhurtoppo.common.config.AxonConfig.xStream(AxonConfig.java:14)
	at com.madhurtoppo.common.config.AxonConfig$$SpringCGLIB$$0.CGLIB$xStream$0(<generated>)
	at com.madhurtoppo.common.config.AxonConfig$$SpringCGLIB$$FastClass$$1.invoke(<generated>)
	at org.springframework.cglib.proxy.MethodProxy.invokeSuper(MethodProxy.java:258)
	at org.springframework.context.annotation.ConfigurationClassEnhancer$BeanMethodInterceptor.intercept(ConfigurationClassEnhancer.java:348)
	at com.madhurtoppo.common.config.AxonConfig$$SpringCGLIB$$0.xStream(<generated>)
	at com.madhurtoppo.common.config.AxonConfig.xStream(AxonConfig.java:14)
	at com.madhurtoppo.common.config.AxonConfig$$SpringCGLIB$$0.CGLIB$xStream$0(<generated>)
	at com.madhurtoppo.common.config.AxonConfig$$SpringCGLIB$$FastClass$$1.invoke(<generated>)
	at org.springframework.cglib.proxy.MethodProxy.invokeSuper(MethodProxy.java:258)
	at org.springframework.context.annotation.ConfigurationClassEnhancer$BeanMethodInterceptor.intercept(ConfigurationClassEnhancer.java:348)
	at com.madhurtoppo.common.config.AxonConfig$$SpringCGLIB$$0.xStream(<generated>)
	at com.madhurtoppo.common.config.AxonConfig.xStream(AxonConfig.java:14)
	at com.madhurtoppo.common.config.AxonConfig$$SpringCGLIB$$0.CGLIB$xStream$0(<generated>)
	at com.madhurtoppo.common.config.AxonConfig$$SpringCGLIB$$FastClass$$1.invoke(<generated>)
	at org.springframework.cglib.proxy.MethodProxy.invokeSuper(MethodProxy.java:258)
	at org.springframework.context.annotation.ConfigurationClassEnhancer$BeanMethodInterceptor.intercept(ConfigurationClassEnhancer.java:348)
	at com.madhurtoppo.common.config.AxonConfig$$SpringCGLIB$$0.xStream(<generated>)
	at com.madhurtoppo.common.config.AxonConfig.xStream(AxonConfig.java:14)
	at com.madhurtoppo.common.config.AxonConfig$$SpringCGLIB$$0.CGLIB$xStream$0(<generated>)
	at com.madhurtoppo.common.config.AxonConfig$$SpringCGLIB$$FastClass$$1.invoke(<generated>)
	at org.springframework.cglib.proxy.MethodProxy.invokeSuper(MethodProxy.java:258)
	at org.springframework.context.annotation.ConfigurationClassEnhancer$BeanMethodInterceptor.intercept(ConfigurationClassEnhancer.java:348)
	at com.madhurtoppo.common.config.AxonConfig$$SpringCGLIB$$0.xStream(<generated>)
	at com.madhurtoppo.common.config.AxonConfig.xStream(AxonConfig.java:14)
	at com.madhurtoppo.common.config.AxonConfig$$SpringCGLIB$$0.CGLIB$xStream$0(<generated>)
	at com.madhurtoppo.common.config.AxonConfig$$SpringCGLIB$$FastClass$$1.invoke(<generated>)
	at org.springframework.cglib.proxy.MethodProxy.invokeSuper(MethodProxy.java:258)
	at org.springframework.context.annotation.ConfigurationClassEnhancer$BeanMethodInterceptor.intercept(ConfigurationClassEnhancer.java:348)
	at com.madhurtoppo.common.config.AxonConfig$$SpringCGLIB$$0.xStream(<generated>)
	at com.madhurtoppo.common.config.AxonConfig.xStream(AxonConfig.java:14)
	at com.madhurtoppo.common.config.AxonConfig$$SpringCGLIB$$0.CGLIB$xStream$0(<generated>)
	at com.madhurtoppo.common.config.AxonConfig$$SpringCGLIB$$FastClass$$1.invoke(<generated>)
	at org.springframework.cglib.proxy.MethodProxy.invokeSuper(MethodProxy.java:258)
	at org.springframework.context.annotation.ConfigurationClassEnhancer$BeanMethodInterceptor.intercept(ConfigurationClassEnhancer.java:348)
	at com.madhurtoppo.common.config.AxonConfig$$SpringCGLIB$$0.xStream(<generated>)
	at com.madhurtoppo.common.config.AxonConfig.xStream(AxonConfig.java:14)
	at com.madhurtoppo.common.config.AxonConfig$$SpringCGLIB$$0.CGLIB$xStream$0(<generated>)
	at com.madhurtoppo.common.config.AxonConfig$$SpringCGLIB$$FastClass$$1.invoke(<generated>)
	at org.springframework.cglib.proxy.MethodProxy.invokeSuper(MethodProxy.java:258)
	at org.springframework.context.annotation.ConfigurationClassEnhancer$BeanMethodInterceptor.intercept(ConfigurationClassEnhancer.java:348)
	at com.madhurtoppo.common.config.AxonConfig$$SpringCGLIB$$0.xStream(<generated>)
	at com.madhurtoppo.common.config.AxonConfig.xStream(AxonConfig.java:14)
	at com.madhurtoppo.common.config.AxonConfig$$SpringCGLIB$$0.CGLIB$xStream$0(<generated>)
	at com.madhurtoppo.common.config.AxonConfig$$SpringCGLIB$$FastClass$$1.invoke(<generated>)
	at org.springframework.cglib.proxy.MethodProxy.invokeSuper(MethodProxy.java:258)
	at org.springframework.context.annotation.ConfigurationClassEnhancer$BeanMethodInterceptor.intercept(ConfigurationClassEnhancer.java:348)
	at com.madhurtoppo.common.config.AxonConfig$$SpringCGLIB$$0.xStream(<generated>)
	at com.madhurtoppo.common.config.AxonConfig.xStream(AxonConfig.java:14)
	at com.madhurtoppo.common.config.AxonConfig$$SpringCGLIB$$0.CGLIB$xStream$0(<generated>)
	at com.madhurtoppo.common.config.AxonConfig$$SpringCGLIB$$FastClass$$1.invoke(<generated>)
	at org.springframework.cglib.proxy.MethodProxy.invokeSuper(MethodProxy.java:258)
	at org.springframework.context.annotation.ConfigurationClassEnhancer$BeanMethodInterceptor.intercept(ConfigurationClassEnhancer.java:348)
	at com.madhurtoppo.common.config.AxonConfig$$SpringCGLIB$$0.xStream(<generated>)
	at com.madhurtoppo.common.config.AxonConfig.xStream(AxonConfig.java:14)
	at com.madhurtoppo.common.config.AxonConfig$$SpringCGLIB$$0.CGLIB$xStream$0(<generated>)
	at com.madhurtoppo.common.config.AxonConfig$$SpringCGLIB$$FastClass$$1.invoke(<generated>)
	at org.springframework.cglib.proxy.MethodProxy.invokeSuper(MethodProxy.java:258)
	at org.springframework.context.annotation.ConfigurationClassEnhancer$BeanMethodInterceptor.intercept(ConfigurationClassEnhancer.java:348)
	at com.madhurtoppo.common.config.AxonConfig$$SpringCGLIB$$0.xStream(<generated>)
	at com.madhurtoppo.common.config.AxonConfig.xStream(AxonConfig.java:14)
	at com.madhurtoppo.common.config.AxonConfig$$SpringCGLIB$$0.CGLIB$xStream$0(<generated>)
	at com.madhurtoppo.common.config.AxonConfig$$SpringCGLIB$$FastClass$$1.invoke(<generated>)
	at org.springframework.cglib.proxy.MethodProxy.invokeSuper(MethodProxy.java:258)
	at org.springframework.context.annotation.ConfigurationClassEnhancer$BeanMethodInterceptor.intercept(ConfigurationClassEnhancer.java:348)
	at com.madhurtoppo.common.config.AxonConfig$$SpringCGLIB$$0.xStream(<generated>)
	at com.madhurtoppo.common.config.AxonConfig.xStream(AxonConfig.java:14)
	at com.madhurtoppo.common.config.AxonConfig$$SpringCGLIB$$0.CGLIB$xStream$0(<generated>)
	at com.madhurtoppo.common.config.AxonConfig$$SpringCGLIB$$FastClass$$1.invoke(<generated>)
	at org.springframework.cglib.proxy.MethodProxy.invokeSuper(MethodProxy.java:258)
	at org.springframework.context.annotation.ConfigurationClassEnhancer$BeanMethodInterceptor.intercept(ConfigurationClassEnhancer.java:348)
	at com.madhurtoppo.common.config.AxonConfig$$SpringCGLIB$$0.xStream(<generated>)

